#
# A fatal error has been detected by the Java Runtime Environment:
#
#  EXCEPTION_ACCESS_VIOLATION (0xc0000005) at pc=0x0000000076d8eef1, pid=5312, tid=4876
#
# JRE version: Java(TM) SE Runtime Environment (8.0_40-b25) (build 1.8.0_40-b25)
# Java VM: Java HotSpot(TM) 64-Bit Server VM (25.40-b25 mixed mode windows-amd64 compressed oops)
# Problematic frame:
# C  [ntdll.dll+0x4eef1]
#
# Failed to write core dump. Minidumps are not enabled by default on client versions of Windows
#
# If you would like to submit a bug report, please visit:
#   http://bugreport.java.com/bugreport/crash.jsp
# The crash happened outside the Java Virtual Machine in native code.
# See problematic frame for where to report the bug.
#

---------------  T H R E A D  ---------------

Current thread (0x0000000057487000):  JavaThread "Finalizer" daemon [_thread_in_native, id=4876, stack(0x0000000058880000,0x0000000058980000)]

siginfo: ExceptionCode=0xc0000005, reading address 0x000000056b2a4848

Registers:
RAX=0x0000008c00001388, RBX=0x000000056b2a4840, RCX=0x000000ffffffffff, RDX=0x0000000000000000
RSP=0x000000005897f130, RBP=0x0000000059c57d20, RSI=0x0000000000000000, RDI=0x0000000000000000
R8 =0x0000000059c57d10, R9 =0x0000000083b90e08, R10=0x00000000027f3848, R11=0x00000000628c7c30
R12=0x0000000059c50000, R13=0x0000000057096ad8, R14=0x000000005897f2f0, R15=0x0000000057487000
RIP=0x0000000076d8eef1, EFLAGS=0x0000000000010202

Top of Stack: (sp=0x000000005897f130)
0x000000005897f130:   000000005897f148 000000005897f198
0x000000005897f140:   00000000027e7450 0000000059c57d20
0x000000005897f150:   0000000000000000 000000005897f158
0x000000005897f160:   0000000056b97854 000000005897f1a8
0x000000005897f170:   0000000057487000 000000005897f2f0
0x000000005897f180:   0000000000000000 0000000000000000
0x000000005897f190:   00000000000001b8 000000005897f2c8
0x000000005897f1a0:   0000000057096ad8 0000000076c41a0a
0x000000005897f1b0:   0000000057149228 0000000057096ad8
0x000000005897f1c0:   000000005897f240 00000000027e7a01
0x000000005897f1d0:   000000005897f250 000007fef053a06c
0x000000005897f1e0:   0000000059c57d20 000000005897f2e0
0x000000005897f1f0:   00000000d5e96810 0000000081bd9d18
0x000000005897f200:   0000000057096ad8 000007fef05372e8
0x000000005897f210:   000000005897f260 0000000056ca05e0
0x000000005897f220:   0000000000000000 0000000056b970a0 

Instructions: (pc=0x0000000076d8eef1)
0x0000000076d8eed1:   ff ff 00 00 00 49 33 dc 48 23 c1 48 c1 eb 04 48
0x0000000076d8eee1:   33 d8 48 33 1d de e4 0d 00 48 c1 e3 04 0f 0d 0b
0x0000000076d8eef1:   48 8b 7b 08 49 bd 01 00 00 00 01 00 00 00 49 be
0x0000000076d8ef01:   ff 7f 00 00 ff ff ff ff 41 c6 40 0f 80 41 88 70 


Register to memory mapping:

RAX=0x0000008c00001388 is an unknown value
RBX=0x000000056b2a4840 is an unknown value
RCX=0x000000ffffffffff is an unknown value
RDX=0x0000000000000000 is an unknown value
RSP=0x000000005897f130 is pointing into the stack for thread: 0x0000000057487000
RBP=0x0000000059c57d20 is an unknown value
RSI=0x0000000000000000 is an unknown value
RDI=0x0000000000000000 is an unknown value
R8 =0x0000000059c57d10 is an unknown value
R9 =0x0000000083b90e08 is an oop
java.lang.Class 
 - klass: 'java/lang/Class'
R10=0x00000000027f3848 is at code_begin+840 in an Interpreter codelet
method entry point (kind = native)  [0x00000000027f3500, 0x00000000027f3e60]  2400 bytes
R11=0x00000000628c7c30 is an unknown value
R12=0x0000000059c50000 is an unknown value
R13={method} {0x0000000057096ae0} 'free' '(J)V' in 'org/bridj/JNI'
R14=0x000000005897f2f0 is pointing into the stack for thread: 0x0000000057487000
R15=0x0000000057487000 is a thread


Stack: [0x0000000058880000,0x0000000058980000],  sp=0x000000005897f130,  free space=1020k
Native frames: (J=compiled Java code, j=interpreted, Vv=VM code, C=native code)
C  [ntdll.dll+0x4eef1]
C  [kernel32.dll+0x21a0a]
C  [bridj.dll+0xa06c]
C  [bridj.dll+0x72e8]
C  0x00000000027f3874

Java frames: (J=compiled Java code, j=interpreted, Vv=VM code)
j  org.bridj.JNI.free(J)V+0
j  org.bridj.Pointer$FreeReleaser.release(Lorg/bridj/Pointer;)V+123
j  org.bridj.Pointer$4.release(Lorg/bridj/Pointer;)V+14
j  org.bridj.Pointer$2.release()V+19
j  org.bridj.Pointer$2.finalize()V+1
J 624 C1 java.lang.ref.Finalizer.runFinalizer(Lsun/misc/JavaLangAccess;)V (62 bytes) @ 0x0000000002a4196c [0x0000000002a41400+0x56c]
J 623 C1 java.lang.ref.Finalizer.access$100(Ljava/lang/ref/Finalizer;Lsun/misc/JavaLangAccess;)V (6 bytes) @ 0x0000000002a4109c [0x0000000002a41040+0x5c]
j  java.lang.ref.Finalizer$FinalizerThread.run()V+45
v  ~StubRoutines::call_stub

---------------  P R O C E S S  ---------------

Java Threads: ( => current thread )
  0x000000005ab0c800 JavaThread "motion-detector-28" daemon [_thread_blocked, id=3872, stack(0x0000000062270000,0x0000000062370000)]
  0x000000005ab08800 JavaThread "motion-detector-27" daemon [_thread_blocked, id=5484, stack(0x0000000061650000,0x0000000061750000)]
  0x000000005ab08000 JavaThread "frames-refresher-[0]" daemon [_thread_blocked, id=3296, stack(0x000000005d250000,0x000000005d350000)]
  0x000000005ab0a800 JavaThread "webcam-lock-[USB2.0 Camera 0]" daemon [_thread_blocked, id=5576, stack(0x000000005eb40000,0x000000005ec40000)]
  0x00000000589da000 JavaThread "TimerQueue" daemon [_thread_blocked, id=5512, stack(0x0000000061330000,0x0000000061430000)]
  0x000000005ab0c000 JavaThread "Timer-1" [_thread_blocked, id=168, stack(0x0000000061440000,0x0000000061540000)]
  0x000000005ab0b000 JavaThread "AWT-EventQueue-0" [_thread_blocked, id=5828, stack(0x0000000060de0000,0x0000000060ee0000)]
  0x00000000589d9800 JavaThread "Direct Clip" daemon [_thread_blocked, id=3696, stack(0x000000005f180000,0x000000005f280000)]
  0x00000000589d8800 JavaThread "Java Sound Event Dispatcher" daemon [_thread_blocked, id=5232, stack(0x000000005e940000,0x000000005ea40000)]
  0x00000000589d7000 JavaThread "AWT-Windows" daemon [_thread_in_native, id=5500, stack(0x000000005de80000,0x000000005df80000)]
  0x00000000589d6800 JavaThread "AWT-Shutdown" [_thread_blocked, id=5020, stack(0x000000005e000000,0x000000005e100000)]
  0x00000000589d5800 JavaThread "Java2D Disposer" daemon [_thread_blocked, id=3900, stack(0x000000005dd70000,0x000000005de70000)]
  0x00000000589d5000 JavaThread "DestroyJavaVM" [_thread_blocked, id=5384, stack(0x0000000002410000,0x0000000002510000)]
  0x00000000589d4000 JavaThread "ctrlChessIA" [_thread_blocked, id=6044, stack(0x000000005d4a0000,0x000000005d5a0000)]
  0x00000000589d3000 JavaThread "ctrlRobix" [_thread_blocked, id=5328, stack(0x000000005d940000,0x000000005da40000)]
  0x000000005a5e7800 JavaThread "ctrlImgProc" [_thread_in_Java, id=5764, stack(0x000000005d7e0000,0x000000005d8e0000)]
  0x000000005a5f1000 JavaThread "webcam-discovery-service" daemon [_thread_blocked, id=6096, stack(0x000000005b0f0000,0x000000005b1f0000)]
  0x0000000058d28800 JavaThread "atomic-processor-1" daemon [_thread_in_native, id=5788, stack(0x0000000059d90000,0x0000000059e90000)]
  0x0000000058ab2000 JavaThread "Robix  - UsborImage Parser : 774W4JQ6HWV" [_thread_in_native, id=3904, stack(0x000000005a250000,0x000000005a350000)]
  0x0000000058a35000 JavaThread "Robix  - UsborImage Crier : 774W4JQ6HWV" [_thread_blocked, id=4316, stack(0x000000005a070000,0x000000005a170000)]
  0x0000000058ab0000 JavaThread "Robix  - NexusImage Parser : localhost" [_thread_in_native, id=1544, stack(0x0000000059ee0000,0x0000000059fe0000)]
  0x0000000058aae800 JavaThread "Robix  - NexusImage Crier : localhost" [_thread_blocked, id=5684, stack(0x0000000059c70000,0x0000000059d70000)]
  0x0000000058bb3800 JavaThread "Robix - Nexway Pinger : robix1" [_thread_blocked, id=2896, stack(0x00000000597f0000,0x00000000598f0000)]
  0x0000000058a06000 JavaThread "Service Thread" daemon [_thread_blocked, id=5728, stack(0x0000000059560000,0x0000000059660000)]
  0x00000000574e5000 JavaThread "C1 CompilerThread2" daemon [_thread_blocked, id=6024, stack(0x0000000059460000,0x0000000059560000)]
  0x000000005898b800 JavaThread "C2 CompilerThread1" daemon [_thread_blocked, id=4820, stack(0x0000000059320000,0x0000000059420000)]
  0x0000000058983000 JavaThread "C2 CompilerThread0" daemon [_thread_blocked, id=2552, stack(0x0000000059090000,0x0000000059190000)]
  0x00000000574e4800 JavaThread "Attach Listener" daemon [_thread_blocked, id=5288, stack(0x0000000058de0000,0x0000000058ee0000)]
  0x00000000574e2800 JavaThread "Signal Dispatcher" daemon [_thread_blocked, id=1904, stack(0x0000000058f60000,0x0000000059060000)]
=>0x0000000057487000 JavaThread "Finalizer" daemon [_thread_in_native, id=4876, stack(0x0000000058880000,0x0000000058980000)]
  0x0000000057480000 JavaThread "Reference Handler" daemon [_thread_blocked, id=4388, stack(0x0000000058520000,0x0000000058620000)]

Other Threads:
  0x000000005747a800 VMThread [stack: 0x00000000586c0000,0x00000000587c0000] [id=2992]
  0x0000000058a06800 WatcherThread [stack: 0x0000000059680000,0x0000000059780000] [id=1152]

VM state:not at safepoint (normal execution)

VM Mutex/Monitor currently owned by a thread: None

Heap:
 PSYoungGen      total 72192K, used 18797K [0x00000000d5d80000, 0x00000000db600000, 0x0000000100000000)
  eden space 70144K, 26% used [0x00000000d5d80000,0x00000000d6fdb480,0x00000000da200000)
  from space 2048K, 0% used [0x00000000da400000,0x00000000da400000,0x00000000da600000)
  to   space 10240K, 0% used [0x00000000dac00000,0x00000000dac00000,0x00000000db600000)
 ParOldGen       total 83968K, used 43932K [0x0000000081800000, 0x0000000086a00000, 0x00000000d5d80000)
  object space 83968K, 52% used [0x0000000081800000,0x00000000842e7368,0x0000000086a00000)
 Metaspace       used 19830K, capacity 20174K, committed 20352K, reserved 1067008K
  class space    used 2323K, capacity 2428K, committed 2432K, reserved 1048576K

Card table byte_map: [0x0000000011ba0000,0x0000000011fa0000] byte_map_base: 0x0000000011794000

Marking Bits: (ParMarkBitMap*) 0x0000000062ea4040
 Begin Bits: [0x00000000127b0000, 0x0000000014750000)
 End Bits:   [0x0000000014750000, 0x00000000166f0000)

Polling page: 0x0000000000260000

CodeCache: size=245760Kb used=10485Kb max_used=10599Kb free=235274Kb
 bounds [0x00000000027e0000, 0x0000000003250000, 0x00000000117e0000]
 total_blobs=3707 nmethods=3142 adapters=478
 compilation: enabled

Compilation events (10 events):
Event: 493.128 Thread 0x0000000058983000 nmethod 3775 0x0000000002c12d50 code [0x0000000002c12ee0, 0x0000000002c13228]
Event: 493.130 Thread 0x000000005898b800 nmethod 3776 0x0000000002c13810 code [0x0000000002c13980, 0x0000000002c13d58]
Event: 494.632 Thread 0x00000000574e5000 3777       3       com.github.sarxos.webcam.WebcamLock::update (19 bytes)
Event: 494.632 Thread 0x00000000574e5000 nmethod 3777 0x0000000002e3c210 code [0x0000000002e3c380, 0x0000000002e3c6a8]
Event: 494.633 Thread 0x00000000574e5000 3778       3       java.io.WinNTFileSystem::rename (21 bytes)
Event: 494.633 Thread 0x00000000574e5000 nmethod 3778 0x0000000002e3b650 code [0x0000000002e3b800, 0x0000000002e3bf08]
Event: 496.123 Thread 0x0000000058983000 3780       4       sun.awt.SunToolkit::targetToAppContext (30 bytes)
Event: 496.127 Thread 0x0000000058983000 nmethod 3780 0x0000000002edd550 code [0x0000000002edd6a0, 0x0000000002edda98]
Event: 497.661 Thread 0x000000005898b800 3781  s    4       com.sun.imageio.plugins.jpeg.JPEGImageWriter::clearThreadLock (83 bytes)
Event: 497.664 Thread 0x000000005898b800 nmethod 3781 0x0000000002c132d0 code [0x0000000002c13420, 0x0000000002c13698]

GC Heap History (10 events):
Event: 498.314 GC heap before
{Heap before GC invocations=421 (full 7):
 PSYoungGen      total 75264K, used 72612K [0x00000000d5d80000, 0x00000000dba00000, 0x0000000100000000)
  eden space 65536K, 100% used [0x00000000d5d80000,0x00000000d9d80000,0x00000000d9d80000)
  from space 9728K, 72% used [0x00000000d9d80000,0x00000000da469060,0x00000000da700000)
  to   space 10240K, 0% used [0x00000000db000000,0x00000000db000000,0x00000000dba00000)
 ParOldGen       total 87552K, used 83276K [0x0000000081800000, 0x0000000086d80000, 0x00000000d5d80000)
  object space 87552K, 95% used [0x0000000081800000,0x0000000086953298,0x0000000086d80000)
 Metaspace       used 19830K, capacity 20174K, committed 20352K, reserved 1067008K
  class space    used 2323K, capacity 2428K, committed 2432K, reserved 1048576K
Event: 498.320 GC heap after
Heap after GC invocations=421 (full 7):
 PSYoungGen      total 84480K, used 5608K [0x00000000d5d80000, 0x00000000dba00000, 0x0000000100000000)
  eden space 74240K, 0% used [0x00000000d5d80000,0x00000000d5d80000,0x00000000da600000)
  from space 10240K, 54% used [0x00000000db000000,0x00000000db57a040,0x00000000dba00000)
  to   space 10240K, 0% used [0x00000000da600000,0x00000000da600000,0x00000000db000000)
 ParOldGen       total 87552K, used 84200K [0x0000000081800000, 0x0000000086d80000, 0x00000000d5d80000)
  object space 87552K, 96% used [0x0000000081800000,0x0000000086a3a2a8,0x0000000086d80000)
 Metaspace       used 19830K, capacity 20174K, committed 20352K, reserved 1067008K
  class space    used 2323K, capacity 2428K, committed 2432K, reserved 1048576K
}
Event: 499.599 GC heap before
{Heap before GC invocations=422 (full 7):
 PSYoungGen      total 84480K, used 79848K [0x00000000d5d80000, 0x00000000dba00000, 0x0000000100000000)
  eden space 74240K, 100% used [0x00000000d5d80000,0x00000000da600000,0x00000000da600000)
  from space 10240K, 54% used [0x00000000db000000,0x00000000db57a040,0x00000000dba00000)
  to   space 10240K, 0% used [0x00000000da600000,0x00000000da600000,0x00000000db000000)
 ParOldGen       total 87552K, used 84200K [0x0000000081800000, 0x0000000086d80000, 0x00000000d5d80000)
  object space 87552K, 96% used [0x0000000081800000,0x0000000086a3a2a8,0x0000000086d80000)
 Metaspace       used 19830K, capacity 20174K, committed 20352K, reserved 1067008K
  class space    used 2323K, capacity 2428K, committed 2432K, reserved 1048576K
Event: 499.603 GC heap after
Heap after GC invocations=422 (full 7):
 PSYoungGen      total 79360K, used 6808K [0x00000000d5d80000, 0x00000000db800000, 0x0000000100000000)
  eden space 72192K, 0% used [0x00000000d5d80000,0x00000000d5d80000,0x00000000da400000)
  from space 7168K, 94% used [0x00000000da600000,0x00000000daca6050,0x00000000dad00000)
  to   space 10240K, 0% used [0x00000000dae00000,0x00000000dae00000,0x00000000db800000)
 ParOldGen       total 87552K, used 84216K [0x0000000081800000, 0x0000000086d80000, 0x00000000d5d80000)
  object space 87552K, 96% used [0x0000000081800000,0x0000000086a3e2a8,0x0000000086d80000)
 Metaspace       used 19830K, capacity 20174K, committed 20352K, reserved 1067008K
  class space    used 2323K, capacity 2428K, committed 2432K, reserved 1048576K
}
Event: 499.939 GC heap before
{Heap before GC invocations=423 (full 7):
 PSYoungGen      total 79360K, used 79000K [0x00000000d5d80000, 0x00000000db800000, 0x0000000100000000)
  eden space 72192K, 100% used [0x00000000d5d80000,0x00000000da400000,0x00000000da400000)
  from space 7168K, 94% used [0x00000000da600000,0x00000000daca6050,0x00000000dad00000)
  to   space 10240K, 0% used [0x00000000dae00000,0x00000000dae00000,0x00000000db800000)
 ParOldGen       total 87552K, used 84216K [0x0000000081800000, 0x0000000086d80000, 0x00000000d5d80000)
  object space 87552K, 96% used [0x0000000081800000,0x0000000086a3e2a8,0x0000000086d80000)
 Metaspace       used 19830K, capacity 20174K, committed 20352K, reserved 1067008K
  class space    used 2323K, capacity 2428K, committed 2432K, reserved 1048576K
Event: 499.943 GC heap after
Heap after GC invocations=423 (full 7):
 PSYoungGen      total 82432K, used 5356K [0x00000000d5d80000, 0x00000000dc200000, 0x0000000100000000)
  eden space 72192K, 0% used [0x00000000d5d80000,0x00000000d5d80000,0x00000000da400000)
  from space 10240K, 52% used [0x00000000dae00000,0x00000000db33b030,0x00000000db800000)
  to   space 10240K, 0% used [0x00000000da400000,0x00000000da400000,0x00000000dae00000)
 ParOldGen       total 87552K, used 84240K [0x0000000081800000, 0x0000000086d80000, 0x00000000d5d80000)
  object space 87552K, 96% used [0x0000000081800000,0x0000000086a442a8,0x0000000086d80000)
 Metaspace       used 19830K, capacity 20174K, committed 20352K, reserved 1067008K
  class space    used 2323K, capacity 2428K, committed 2432K, reserved 1048576K
}
Event: 501.262 GC heap before
{Heap before GC invocations=424 (full 7):
 PSYoungGen      total 82432K, used 77548K [0x00000000d5d80000, 0x00000000dc200000, 0x0000000100000000)
  eden space 72192K, 100% used [0x00000000d5d80000,0x00000000da400000,0x00000000da400000)
  from space 10240K, 52% used [0x00000000dae00000,0x00000000db33b030,0x00000000db800000)
  to   space 10240K, 0% used [0x00000000da400000,0x00000000da400000,0x00000000dae00000)
 ParOldGen       total 87552K, used 84240K [0x0000000081800000, 0x0000000086d80000, 0x00000000d5d80000)
  object space 87552K, 96% used [0x0000000081800000,0x0000000086a442a8,0x0000000086d80000)
 Metaspace       used 19830K, capacity 20174K, committed 20352K, reserved 1067008K
  class space    used 2323K, capacity 2428K, committed 2432K, reserved 1048576K
Event: 501.265 GC heap after
Heap after GC invocations=424 (full 7):
 PSYoungGen      total 72192K, used 1828K [0x00000000d5d80000, 0x00000000db600000, 0x0000000100000000)
  eden space 70144K, 0% used [0x00000000d5d80000,0x00000000d5d80000,0x00000000da200000)
  from space 2048K, 89% used [0x00000000da400000,0x00000000da5c9010,0x00000000da600000)
  to   space 10240K, 0% used [0x00000000dac00000,0x00000000dac00000,0x00000000db600000)
 ParOldGen       total 87552K, used 86064K [0x0000000081800000, 0x0000000086d80000, 0x00000000d5d80000)
  object space 87552K, 98% used [0x0000000081800000,0x0000000086c0c2c8,0x0000000086d80000)
 Metaspace       used 19830K, capacity 20174K, committed 20352K, reserved 1067008K
  class space    used 2323K, capacity 2428K, committed 2432K, reserved 1048576K
}
Event: 501.265 GC heap before
{Heap before GC invocations=425 (full 8):
 PSYoungGen      total 72192K, used 1828K [0x00000000d5d80000, 0x00000000db600000, 0x0000000100000000)
  eden space 70144K, 0% used [0x00000000d5d80000,0x00000000d5d80000,0x00000000da200000)
  from space 2048K, 89% used [0x00000000da400000,0x00000000da5c9010,0x00000000da600000)
  to   space 10240K, 0% used [0x00000000dac00000,0x00000000dac00000,0x00000000db600000)
 ParOldGen       total 87552K, used 86064K [0x0000000081800000, 0x0000000086d80000, 0x00000000d5d80000)
  object space 87552K, 98% used [0x0000000081800000,0x0000000086c0c2c8,0x0000000086d80000)
 Metaspace       used 19830K, capacity 20174K, committed 20352K, reserved 1067008K
  class space    used 2323K, capacity 2428K, committed 2432K, reserved 1048576K
Event: 501.423 GC heap after
Heap after GC invocations=425 (full 8):
 PSYoungGen      total 72192K, used 0K [0x00000000d5d80000, 0x00000000db600000, 0x0000000100000000)
  eden space 70144K, 0% used [0x00000000d5d80000,0x00000000d5d80000,0x00000000da200000)
  from space 2048K, 0% used [0x00000000da400000,0x00000000da400000,0x00000000da600000)
  to   space 10240K, 0% used [0x00000000dac00000,0x00000000dac00000,0x00000000db600000)
 ParOldGen       total 83968K, used 43932K [0x0000000081800000, 0x0000000086a00000, 0x00000000d5d80000)
  object space 83968K, 52% used [0x0000000081800000,0x00000000842e7368,0x0000000086a00000)
 Metaspace       used 19830K, capacity 20174K, committed 20352K, reserved 1067008K
  class space    used 2323K, capacity 2428K, committed 2432K, reserved 1048576K
}

Deoptimization events (10 events):
Event: 363.176 Thread 0x00000000589d4000 Uncommon trap: reason=array_check action=maybe_recompile pc=0x000000000311e7a4 method=java.util.TimSort.mergeLo(IIII)V @ 375
Event: 363.176 Thread 0x00000000589d4000 Uncommon trap: reason=array_check action=maybe_recompile pc=0x000000000311e7a4 method=java.util.TimSort.mergeLo(IIII)V @ 375
Event: 363.318 Thread 0x00000000589d4000 Uncommon trap: reason=array_check action=maybe_recompile pc=0x0000000002f2c87c method=java.util.TimSort.mergeLo(IIII)V @ 590
Event: 363.336 Thread 0x00000000589d4000 Uncommon trap: reason=array_check action=maybe_recompile pc=0x000000000304ecf0 method=java.util.TimSort.mergeLo(IIII)V @ 590
Event: 363.355 Thread 0x00000000589d4000 Uncommon trap: reason=array_check action=maybe_recompile pc=0x0000000002f2c8fc method=java.util.TimSort.mergeLo(IIII)V @ 468
Event: 363.389 Thread 0x00000000589d4000 Uncommon trap: reason=array_check action=maybe_recompile pc=0x0000000002f2c8fc method=java.util.TimSort.mergeLo(IIII)V @ 468
Event: 364.757 Thread 0x00000000589d4000 Uncommon trap: reason=unstable_if action=reinterpret pc=0x0000000002fa5ea0 method=fr.free.jchecs.core.MailboxBoard.addKingTargets(IZ)V @ 210
Event: 401.735 Thread 0x00000000589d4000 Uncommon trap: reason=unstable_if action=reinterpret pc=0x0000000002f2a8f0 method=fr.free.jchecs.core.MailboxBoard.addKingTargets(IZ)V @ 298
Event: 403.340 Thread 0x00000000589d4000 Uncommon trap: reason=array_check action=maybe_recompile pc=0x0000000002f6c058 method=java.util.TimSort.mergeHi(IIII)V @ 171
Event: 403.494 Thread 0x00000000589d4000 Uncommon trap: reason=array_check action=maybe_recompile pc=0x0000000002f6c058 method=java.util.TimSort.mergeHi(IIII)V @ 171

Internal exceptions (10 events):
Event: 293.452 Thread 0x000000005ab0c800 Exception <a 'java/lang/InterruptedException': sleep interrupted> (0x00000000d9148718) thrown at [D:\re\workspace\8-2-build-windows-amd64-cygwin\jdk8u40\2855\hotspot\src\share\vm\prims\jvm.cpp, line 3211]
Event: 326.532 Thread 0x000000005ab0c800 Exception <a 'java/lang/InterruptedException': sleep interrupted> (0x00000000d62cb930) thrown at [D:\re\workspace\8-2-build-windows-amd64-cygwin\jdk8u40\2855\hotspot\src\share\vm\prims\jvm.cpp, line 3211]
Event: 326.534 Thread 0x000000005ab0a800 Exception <a 'java/lang/InterruptedException': sleep interrupted> (0x00000000d62cc158) thrown at [D:\re\workspace\8-2-build-windows-amd64-cygwin\jdk8u40\2855\hotspot\src\share\vm\prims\jvm.cpp, line 3211]
Event: 362.627 Thread 0x000000005ab08800 Exception <a 'java/lang/InterruptedException': sleep interrupted> (0x00000000d6a25200) thrown at [D:\re\workspace\8-2-build-windows-amd64-cygwin\jdk8u40\2855\hotspot\src\share\vm\prims\jvm.cpp, line 3211]
Event: 362.629 Thread 0x000000005ab0c800 Exception <a 'java/lang/InterruptedException': sleep interrupted> (0x00000000d6a25a28) thrown at [D:\re\workspace\8-2-build-windows-amd64-cygwin\jdk8u40\2855\hotspot\src\share\vm\prims\jvm.cpp, line 3211]
Event: 401.560 Thread 0x000000005ab0c800 Exception <a 'java/lang/InterruptedException': sleep interrupted> (0x00000000d770e500) thrown at [D:\re\workspace\8-2-build-windows-amd64-cygwin\jdk8u40\2855\hotspot\src\share\vm\prims\jvm.cpp, line 3211]
Event: 401.562 Thread 0x000000005ab0a800 Exception <a 'java/lang/InterruptedException': sleep interrupted> (0x00000000d6182110) thrown at [D:\re\workspace\8-2-build-windows-amd64-cygwin\jdk8u40\2855\hotspot\src\share\vm\prims\jvm.cpp, line 3211]
Event: 441.421 Thread 0x000000005ab0a800 Exception <a 'java/lang/InterruptedException': sleep interrupted> (0x00000000d7a80f68) thrown at [D:\re\workspace\8-2-build-windows-amd64-cygwin\jdk8u40\2855\hotspot\src\share\vm\prims\jvm.cpp, line 3211]
Event: 441.423 Thread 0x000000005ab0c800 Exception <a 'java/lang/InterruptedException': sleep interrupted> (0x00000000da34ebc8) thrown at [D:\re\workspace\8-2-build-windows-amd64-cygwin\jdk8u40\2855\hotspot\src\share\vm\prims\jvm.cpp, line 3211]
Event: 479.011 Thread 0x000000005ab08800 Exception <a 'java/lang/InterruptedException': sleep interrupted> (0x00000000d77252f0) thrown at [D:\re\workspace\8-2-build-windows-amd64-cygwin\jdk8u40\2855\hotspot\src\share\vm\prims\jvm.cpp, line 3211]

Events (10 events):
Event: 497.664 Thread 0x000000005898b800 flushing nmethod 0x000000000304c7d0
Event: 497.664 Thread 0x000000005898b800 flushing nmethod 0x00000000030fb1d0
Event: 498.313 Executing VM operation: ParallelGCFailedAllocation
Event: 498.320 Executing VM operation: ParallelGCFailedAllocation done
Event: 499.599 Executing VM operation: ParallelGCFailedAllocation
Event: 499.603 Executing VM operation: ParallelGCFailedAllocation done
Event: 499.939 Executing VM operation: ParallelGCFailedAllocation
Event: 499.943 Executing VM operation: ParallelGCFailedAllocation done
Event: 501.262 Executing VM operation: ParallelGCFailedAllocation
Event: 501.423 Executing VM operation: ParallelGCFailedAllocation done


Dynamic libraries:
0x000000013fd60000 - 0x000000013fd97000 	C:\Program Files\Java\jdk1.8.0_40\jre\bin\java.exe
0x0000000076d40000 - 0x0000000076eea000 	C:\Windows\SYSTEM32\ntdll.dll
0x000007fef5410000 - 0x000007fef5443000 	C:\Program Files (x86)\AVG\Av\avghooka.dll
0x0000000076c20000 - 0x0000000076d3f000 	C:\Windows\system32\kernel32.dll
0x000007fefb860000 - 0x000007fefb8ca000 	C:\Windows\system32\KERNELBASE.dll
0x000007fefd1c0000 - 0x000007fefd29b000 	C:\Windows\system32\ADVAPI32.dll
0x000007fefdbc0000 - 0x000007fefdc5f000 	C:\Windows\system32\msvcrt.dll
0x000007fefd000000 - 0x000007fefd01f000 	C:\Windows\SYSTEM32\sechost.dll
0x000007fefd020000 - 0x000007fefd14d000 	C:\Windows\system32\RPCRT4.dll
0x0000000076b20000 - 0x0000000076c1a000 	C:\Windows\system32\USER32.dll
0x000007fefd150000 - 0x000007fefd1b7000 	C:\Windows\system32\GDI32.dll
0x000007fefddb0000 - 0x000007fefddbe000 	C:\Windows\system32\LPK.dll
0x000007fefdce0000 - 0x000007fefddaa000 	C:\Windows\system32\USP10.dll
0x000007fefa080000 - 0x000007fefa274000 	C:\Windows\WinSxS\amd64_microsoft.windows.common-controls_6595b64144ccf1df_6.0.7601.18837_none_fa3b1e3d17594757\COMCTL32.dll
0x000007fefdc60000 - 0x000007fefdcd1000 	C:\Windows\system32\SHLWAPI.dll
0x000007fefbcd0000 - 0x000007fefbcfe000 	C:\Windows\system32\IMM32.DLL
0x000007fefd7c0000 - 0x000007fefd8c9000 	C:\Windows\system32\MSCTF.dll
0x00000000636e0000 - 0x00000000637b2000 	C:\Program Files\Java\jdk1.8.0_40\jre\bin\msvcr100.dll
0x00000000626a0000 - 0x0000000062f23000 	C:\Program Files\Java\jdk1.8.0_40\jre\bin\server\jvm.dll
0x000007fef8930000 - 0x000007fef8939000 	C:\Windows\system32\WSOCK32.dll
0x000007fefd8d0000 - 0x000007fefd91d000 	C:\Windows\system32\WS2_32.dll
0x000007fefbf90000 - 0x000007fefbf98000 	C:\Windows\system32\NSI.dll
0x000007fef9010000 - 0x000007fef904b000 	C:\Windows\system32\WINMM.dll
0x000007fefa920000 - 0x000007fefa92c000 	C:\Windows\system32\VERSION.dll
0x0000000076f10000 - 0x0000000076f17000 	C:\Windows\system32\PSAPI.DLL
0x000000006aa80000 - 0x000000006aa8f000 	C:\Program Files\Java\jdk1.8.0_40\jre\bin\verify.dll
0x00000000679f0000 - 0x0000000067a19000 	C:\Program Files\Java\jdk1.8.0_40\jre\bin\java.dll
0x0000000066f60000 - 0x0000000066f76000 	C:\Program Files\Java\jdk1.8.0_40\jre\bin\zip.dll
0x000007fefbfa0000 - 0x000007fefcd2c000 	C:\Windows\system32\SHELL32.dll
0x000007fefd320000 - 0x000007fefd523000 	C:\Windows\system32\ole32.dll
0x000007fefb830000 - 0x000007fefb83f000 	C:\Windows\system32\profapi.dll
0x000000006a1e0000 - 0x000000006a1fa000 	C:\Program Files\Java\jdk1.8.0_40\jre\bin\net.dll
0x000007fefafd0000 - 0x000007fefb025000 	C:\Windows\system32\mswsock.dll
0x000007fefafc0000 - 0x000007fefafc7000 	C:\Windows\System32\wship6.dll
0x0000000066f40000 - 0x0000000066f51000 	C:\Program Files\Java\jdk1.8.0_40\jre\bin\nio.dll
0x000007fefb630000 - 0x000007fefb687000 	C:\Windows\system32\apphelp.dll
0x000007fefa9f0000 - 0x000007fefa9f7000 	C:\Windows\System32\wshtcpip.dll
0x000007fefae50000 - 0x000007fefaeab000 	C:\Windows\system32\DNSAPI.dll
0x000007fef8d50000 - 0x000007fef8d77000 	C:\Windows\system32\IPHLPAPI.DLL
0x000007fef8d40000 - 0x000007fef8d4b000 	C:\Windows\system32\WINNSI.DLL
0x000007fef6290000 - 0x000007fef6298000 	C:\Windows\system32\rasadhlp.dll
0x000007fef8bc0000 - 0x000007fef8c13000 	C:\Windows\System32\fwpuclnt.dll
0x000007fefb030000 - 0x000007fefb048000 	C:\Windows\system32\CRYPTSP.dll
0x000007fefad30000 - 0x000007fefad77000 	C:\Windows\system32\rsaenh.dll
0x000007fefb960000 - 0x000007fefb97e000 	C:\Windows\system32\USERENV.dll
0x000007fefb6d0000 - 0x000007fefb6df000 	C:\Windows\system32\CRYPTBASE.dll
0x000007fef8c70000 - 0x000007fef8c81000 	C:\Windows\system32\dhcpcsvc6.DLL
0x000007fef8c20000 - 0x000007fef8c38000 	C:\Windows\system32\dhcpcsvc.DLL
0x000007fef0530000 - 0x000007fef0559000 	C:\Users\Anderson\AppData\Local\Temp\BridJExtractedLibraries6499521695273037330\bridj.dll
0x000007feef1f0000 - 0x000007feef226000 	C:\Users\Anderson\AppData\Local\Temp\BridJExtractedLibraries6499521695273037330\OpenIMAJGrabber.dll
0x000007fefbbf0000 - 0x000007fefbcc8000 	C:\Windows\system32\OLEAUT32.dll
0x000007fef9e70000 - 0x000007fef9ec6000 	C:\Windows\system32\uxtheme.dll
0x000007fefd920000 - 0x000007fefd9b9000 	C:\Windows\system32\CLBCatQ.DLL
0x000007feef320000 - 0x000007feef336000 	C:\Windows\system32\devenum.dll
0x000007fefd9e0000 - 0x000007fefdbb7000 	C:\Windows\system32\setupapi.dll
0x000007fefb980000 - 0x000007fefb9b6000 	C:\Windows\system32\CFGMGR32.dll
0x000007fefb940000 - 0x000007fefb95a000 	C:\Windows\system32\DEVOBJ.dll
0x000007fef9420000 - 0x000007fef944d000 	C:\Windows\system32\ntmarta.dll
0x000007fefd760000 - 0x000007fefd7b2000 	C:\Windows\system32\WLDAP32.dll
0x000007fefb900000 - 0x000007fefb93b000 	C:\Windows\system32\WINTRUST.dll
0x000007fefba70000 - 0x000007fefbbdd000 	C:\Windows\system32\CRYPT32.dll
0x000007fefb840000 - 0x000007fefb84f000 	C:\Windows\system32\MSASN1.dll
0x000007fef4840000 - 0x000007fef484d000 	C:\Windows\system32\msdmo.dll
0x0000000063540000 - 0x00000000636d8000 	C:\Program Files\Java\jdk1.8.0_40\jre\bin\awt.dll
0x000007feef1c0000 - 0x000007feef1ef000 	C:\Windows\system32\qcap.dll
0x000007feec6e0000 - 0x000007feec893000 	C:\Windows\system32\quartz.dll
0x000007fef99c0000 - 0x000007fef99d8000 	C:\Windows\system32\dwmapi.dll
0x000007feee720000 - 0x000007feee761000 	C:\Windows\system32\ksproxy.ax
0x0000000074610000 - 0x0000000074616000 	C:\Windows\system32\ksuser.dll
0x000007feecaf0000 - 0x000007feeccef000 	C:\Windows\system32\d3d9.dll
0x000007fef8ec0000 - 0x000007fef8ec7000 	C:\Windows\system32\d3d8thk.dll
0x000007fef4fa0000 - 0x000007fef4fab000 	C:\Windows\system32\vidcap.ax
0x000007feee3e0000 - 0x000007feee404000 	C:\Windows\system32\kswdmcap.ax
0x000007feec130000 - 0x000007feec28c000 	C:\Windows\system32\MFC42.dll
0x000007feec070000 - 0x000007feec121000 	C:\Windows\system32\ODBC32.dll
0x000000006b200000 - 0x000000006b238000 	C:\Windows\system32\odbcint.dll
0x000007feebfd0000 - 0x000007feec06b000 	C:\Windows\System32\qedit.dll
0x000007feedfa0000 - 0x000007feedfc9000 	C:\Windows\System32\MSVFW32.dll
0x000007fefd530000 - 0x000007fefd5c7000 	C:\Windows\system32\COMDLG32.dll
0x000007fef9c50000 - 0x000007fef9e66000 	C:\Windows\WinSxS\amd64_microsoft.windows.gdiplus_6595b64144ccf1df_1.1.7601.23407_none_14556c1e8b95d0b8\gdiplus.dll
0x000007fef2660000 - 0x000007fef2751000 	C:\Windows\system32\DDRAW.dll
0x000007fef9a80000 - 0x000007fef9a88000 	C:\Windows\system32\DCIMAN32.dll
0x000000006b1b0000 - 0x000000006b1bc000 	C:\Program Files\Java\jdk1.8.0_40\jre\bin\jsound.dll
0x000000006b1a0000 - 0x000000006b1ab000 	C:\Program Files\Java\jdk1.8.0_40\jre\bin\jsoundds.dll
0x000007fef9750000 - 0x000007fef97d8000 	C:\Windows\system32\DSOUND.dll
0x000007fefa6a0000 - 0x000007fefa6cc000 	C:\Windows\system32\POWRPROF.dll
0x000007fef99f0000 - 0x000007fef9a3b000 	C:\Windows\system32\MMDevAPI.DLL
0x000007fef9ed0000 - 0x000007fef9ffc000 	C:\Windows\system32\PROPSYS.dll
0x000007fef8fd0000 - 0x000007fef900b000 	C:\Windows\system32\wdmaud.drv
0x000007fefa050000 - 0x000007fefa059000 	C:\Windows\system32\AVRT.dll
0x000007fef8f80000 - 0x000007fef8fcf000 	C:\Windows\system32\AUDIOSES.DLL
0x000007fef8f70000 - 0x000007fef8f7a000 	C:\Windows\system32\msacm32.drv
0x000007fef8f50000 - 0x000007fef8f68000 	C:\Windows\system32\MSACM32.dll
0x000007fef8f40000 - 0x000007fef8f49000 	C:\Windows\system32\midimap.dll
0x00000000663c0000 - 0x0000000066407000 	C:\Program Files\Java\jdk1.8.0_40\jre\bin\fontmanager.dll
0x00000000634f0000 - 0x0000000063531000 	C:\Program Files\Java\jdk1.8.0_40\jre\bin\t2k.dll
0x000007fef9810000 - 0x000007fef9971000 	C:\Windows\system32\WindowsCodecs.dll
0x000007fef3ac0000 - 0x000007fef3b80000 	C:\Program Files (x86)\Google\Drive\googledrivesync64.dll
0x0000000072270000 - 0x0000000072343000 	C:\Program Files (x86)\Google\Drive\Microsoft.VC90.CRT\MSVCP90.dll
0x00000000721c0000 - 0x0000000072263000 	C:\Program Files (x86)\Google\Drive\Microsoft.VC90.CRT\MSVCR90.dll
0x000007fef3a80000 - 0x000007fef3ab5000 	C:\Windows\system32\EhStorShell.dll
0x000007fef3a00000 - 0x000007fef3a7e000 	C:\Windows\System32\cscui.dll
0x000007fef4300000 - 0x000007fef430c000 	C:\Windows\System32\CSCDLL.dll
0x000007fef4310000 - 0x000007fef431f000 	C:\Windows\system32\CSCAPI.dll
0x000007fef3980000 - 0x000007fef3a00000 	C:\Windows\system32\ntshrui.dll
0x000007fefb520000 - 0x000007fefb543000 	C:\Windows\system32\srvcli.dll
0x000007fef9060000 - 0x000007fef906b000 	C:\Windows\system32\slc.dll
0x000000006be60000 - 0x000000006be91000 	C:\Program Files\Java\jdk1.8.0_40\jre\bin\jpeg.dll
0x0000000066bf0000 - 0x0000000066c1a000 	C:\Program Files\Java\jdk1.8.0_40\jre\bin\dcpr.dll
0x000007feefef0000 - 0x000007feefefb000 	C:\Windows\system32\msyuv.dll
0x000007fef2760000 - 0x000007fef2885000 	C:\Windows\system32\dbghelp.dll

VM Arguments:
jvm_args: -Dfile.encoding=UTF-8 
java_command: tcc.Main.Main
java_class_path (initial): C:\Program Files\NetBeans 8.0.2\platform\modules\ext\junit-4.10.jar;C:\Users\Anderson\Documents\NetBeansProjects\tccChess\lib\rbxUsbor.jar;C:\Users\Anderson\Documents\NetBeansProjects\tccChess\lib\bridj-0.6.2.jar;C:\Users\Anderson\Documents\NetBeansProjects\tccChess\lib\slf4j-api-1.7.2.jar;C:\Users\Anderson\Documents\NetBeansProjects\tccChess\lib\webcam-capture-0.3.10.jar;C:\Users\Anderson\Documents\NetBeansProjects\tccChess\build\classes
Launcher Type: SUN_STANDARD

Environment Variables:
PATH=C:\ProgramData\Oracle\Java\javapath;C:\Program Files\IBM\ILOG\CPLEX_Studio1261\opl\bin\x64_win64;C:\Program Files\IBM\ILOG\CPLEX_Studio1261\opl\oplide\;C:\Program Files\IBM\ILOG\CPLEX_Studio1261\cplex\bin\x64_win64;C:\Program Files\IBM\ILOG\CPLEX_Studio1261\cpoptimizer\bin\x64_win64;C:\Windows\system32;C:\Windows;C:\Windows\System32\Wbem;C:\Windows\System32\WindowsPowerShell\v1.0\;C:\Program Files (x86)\MiKTeX 2.9\miktex\bin\;C:\Program Files (x86)\Skype\Phone\
USERNAME=Anderson
OS=Windows_NT
PROCESSOR_IDENTIFIER=Intel64 Family 6 Model 23 Stepping 10, GenuineIntel



---------------  S Y S T E M  ---------------

OS: Windows 7 , 64 bit Build 7601 (6.1.7601.23418)

CPU:total 4 (4 cores per cpu, 1 threads per core) family 6 model 23 stepping 10, cmov, cx8, fxsr, mmx, sse, sse2, sse3, ssse3, sse4.1, tsc

Memory: 4k page, physical 8284524k(3242424k free), swap 16567188k(10987632k free)

vm_info: Java HotSpot(TM) 64-Bit Server VM (25.40-b25) for windows-amd64 JRE (1.8.0_40-b25), built on Feb 10 2015 21:53:57 by "java_re" with MS VC++ 10.0 (VS2010)

time: Fri Jun 17 16:59:34 2016
elapsed time: 501 seconds (0d 0h 8m 21s)

