#
# A fatal error has been detected by the Java Runtime Environment:
#
#  EXCEPTION_ACCESS_VIOLATION (0xc0000005) at pc=0x0000000076fbeef1, pid=3504, tid=4004
#
# JRE version: Java(TM) SE Runtime Environment (8.0_40-b25) (build 1.8.0_40-b25)
# Java VM: Java HotSpot(TM) 64-Bit Server VM (25.40-b25 mixed mode windows-amd64 compressed oops)
# Problematic frame:
# C  [ntdll.dll+0x4eef1]
#
# Failed to write core dump. Minidumps are not enabled by default on client versions of Windows
#
# If you would like to submit a bug report, please visit:
#   http://bugreport.java.com/bugreport/crash.jsp
# The crash happened outside the Java Virtual Machine in native code.
# See problematic frame for where to report the bug.
#

---------------  T H R E A D  ---------------

Current thread (0x000000005766c000):  JavaThread "Finalizer" daemon [_thread_in_native, id=4004, stack(0x0000000058a40000,0x0000000058b40000)]

siginfo: ExceptionCode=0xc0000005, reading address 0x000000029733a238

Registers:
RAX=0x000000c500001388, RBX=0x000000029733a230, RCX=0x000000ffffffffff, RDX=0x0000000000000000
RSP=0x0000000058b3f040, RBP=0x000000000211a0f0, RSI=0x0000000000000000, RDI=0x0000000000000000
R8 =0x000000000211a0e0, R9 =0x00000000835d7d00, R10=0x0000000002993848, R11=0x000000006a7c7c30
R12=0x0000000002110000, R13=0x0000000057276ad8, R14=0x0000000058b3f200, R15=0x000000005766c000
RIP=0x0000000076fbeef1, EFLAGS=0x0000000000010206

Top of Stack: (sp=0x0000000058b3f040)
0x0000000058b3f040:   0000000058b3f058 0000000058b3f0a8
0x0000000058b3f050:   0000000002987450 000000000211a0f0
0x0000000058b3f060:   0000000000000000 0000000058b3f068
0x0000000058b3f070:   0000000056d77854 0000000058b3f0b8
0x0000000058b3f080:   000000005766c000 0000000058b3f200
0x0000000058b3f090:   0000000000000000 0000000000000000
0x0000000058b3f0a0:   00000000000001a0 0000000058b3f1d8
0x0000000058b3f0b0:   0000000057276ad8 0000000076d71a0a
0x0000000058b3f0c0:   0000000057329228 0000000057276ad8
0x0000000058b3f0d0:   0000000058b3f150 0000000002987a01
0x0000000058b3f0e0:   0000000058b3f160 000007fef3e4a06c
0x0000000058b3f0f0:   000000000211a0f0 0000000058b3f1f0
0x0000000058b3f100:   00000000d5ea3948 00000000827cf630
0x0000000058b3f110:   0000000057276ad8 000007fef3e472e8
0x0000000058b3f120:   0000000058b3f170 0000000056e805e0
0x0000000058b3f130:   0000000000000000 0000000056d770a0 

Instructions: (pc=0x0000000076fbeef1)
0x0000000076fbeed1:   ff ff 00 00 00 49 33 dc 48 23 c1 48 c1 eb 04 48
0x0000000076fbeee1:   33 d8 48 33 1d de e4 0d 00 48 c1 e3 04 0f 0d 0b
0x0000000076fbeef1:   48 8b 7b 08 49 bd 01 00 00 00 01 00 00 00 49 be
0x0000000076fbef01:   ff 7f 00 00 ff ff ff ff 41 c6 40 0f 80 41 88 70 


Register to memory mapping:

RAX=0x000000c500001388 is an unknown value
RBX=0x000000029733a230 is an unknown value
RCX=0x000000ffffffffff is an unknown value
RDX=0x0000000000000000 is an unknown value
RSP=0x0000000058b3f040 is pointing into the stack for thread: 0x000000005766c000
RBP=0x000000000211a0f0 is an unknown value
RSI=0x0000000000000000 is an unknown value
RDI=0x0000000000000000 is an unknown value
R8 =0x000000000211a0e0 is an unknown value
R9 =0x00000000835d7d00 is an oop
java.lang.Class 
 - klass: 'java/lang/Class'
R10=0x0000000002993848 is at code_begin+840 in an Interpreter codelet
method entry point (kind = native)  [0x0000000002993500, 0x0000000002993e60]  2400 bytes
R11=0x000000006a7c7c30 is an unknown value
R12=0x0000000002110000 is an unknown value
R13={method} {0x0000000057276ae0} 'free' '(J)V' in 'org/bridj/JNI'
R14=0x0000000058b3f200 is pointing into the stack for thread: 0x000000005766c000
R15=0x000000005766c000 is a thread


Stack: [0x0000000058a40000,0x0000000058b40000],  sp=0x0000000058b3f040,  free space=1020k
Native frames: (J=compiled Java code, j=interpreted, Vv=VM code, C=native code)
C  [ntdll.dll+0x4eef1]
C  [kernel32.dll+0x21a0a]
C  [bridj.dll+0xa06c]
C  [bridj.dll+0x72e8]
C  0x0000000002993874

Java frames: (J=compiled Java code, j=interpreted, Vv=VM code)
j  org.bridj.JNI.free(J)V+0
j  org.bridj.Pointer$FreeReleaser.release(Lorg/bridj/Pointer;)V+123
j  org.bridj.Pointer$4.release(Lorg/bridj/Pointer;)V+14
j  org.bridj.Pointer$2.release()V+19
j  org.bridj.Pointer$2.finalize()V+1
J 621 C1 java.lang.ref.Finalizer.runFinalizer(Lsun/misc/JavaLangAccess;)V (62 bytes) @ 0x0000000002bdea2c [0x0000000002bde4c0+0x56c]
J 620 C1 java.lang.ref.Finalizer.access$100(Ljava/lang/ref/Finalizer;Lsun/misc/JavaLangAccess;)V (6 bytes) @ 0x0000000002bda5dc [0x0000000002bda580+0x5c]
j  java.lang.ref.Finalizer$FinalizerThread.run()V+45
v  ~StubRoutines::call_stub

---------------  P R O C E S S  ---------------

Java Threads: ( => current thread )
  0x0000000058e7a800 JavaThread "TimerQueue" daemon [_thread_blocked, id=5776, stack(0x000000005f5d0000,0x000000005f6d0000)]
  0x0000000058e7f000 JavaThread "Timer-1" [_thread_blocked, id=4836, stack(0x00000000615e0000,0x00000000616e0000)]
  0x0000000058e7e800 JavaThread "AWT-EventQueue-0" [_thread_blocked, id=4832, stack(0x0000000060f00000,0x0000000061000000)]
  0x0000000058e7a000 JavaThread "Direct Clip" daemon [_thread_blocked, id=4444, stack(0x000000005dfe0000,0x000000005e0e0000)]
  0x0000000058e79000 JavaThread "Java Sound Event Dispatcher" daemon [_thread_blocked, id=5424, stack(0x000000005f0d0000,0x000000005f1d0000)]
  0x0000000058e77800 JavaThread "AWT-Windows" daemon [_thread_in_native, id=4484, stack(0x000000005e250000,0x000000005e350000)]
  0x0000000058e77000 JavaThread "AWT-Shutdown" [_thread_blocked, id=4028, stack(0x000000005e0f0000,0x000000005e1f0000)]
  0x0000000058e76000 JavaThread "Java2D Disposer" daemon [_thread_blocked, id=4656, stack(0x000000005ded0000,0x000000005dfd0000)]
  0x0000000058e75800 JavaThread "DestroyJavaVM" [_thread_blocked, id=5912, stack(0x00000000025b0000,0x00000000026b0000)]
  0x0000000058e74800 JavaThread "ctrlChessIA" [_thread_in_Java, id=4516, stack(0x000000005db70000,0x000000005dc70000)]
  0x0000000058e74000 JavaThread "ctrlRobix" [_thread_blocked, id=4360, stack(0x000000005d9d0000,0x000000005dad0000)]
  0x0000000058d54000 JavaThread "ctrlImgProc" [_thread_blocked, id=4356, stack(0x000000005d870000,0x000000005d970000)]
  0x0000000058c8c000 JavaThread "webcam-discovery-service" daemon [_thread_blocked, id=4372, stack(0x000000005b160000,0x000000005b260000)]
  0x0000000058c8d000 JavaThread "atomic-processor-1" daemon [_thread_blocked, id=2364, stack(0x0000000059d60000,0x0000000059e60000)]
  0x0000000058e8c000 JavaThread "Robix  - UsborImage Parser : 774W4JQ6HWV" [_thread_in_native, id=4452, stack(0x000000005a4b0000,0x000000005a5b0000)]
  0x0000000058e26000 JavaThread "Robix  - UsborImage Crier : 774W4JQ6HWV" [_thread_blocked, id=5076, stack(0x000000005a2d0000,0x000000005a3d0000)]
  0x0000000058b68800 JavaThread "Robix  - NexusImage Parser : localhost" [_thread_in_native, id=4316, stack(0x000000005a150000,0x000000005a250000)]
  0x0000000058c17000 JavaThread "Robix  - NexusImage Crier : localhost" [_thread_blocked, id=5772, stack(0x0000000059af0000,0x0000000059bf0000)]
  0x0000000058d48000 JavaThread "Robix - Nexway Pinger : robix1" [_thread_blocked, id=1092, stack(0x0000000059c40000,0x0000000059d40000)]
  0x0000000058bc3800 JavaThread "Service Thread" daemon [_thread_blocked, id=1520, stack(0x0000000059890000,0x0000000059990000)]
  0x0000000058b4c000 JavaThread "C1 CompilerThread2" daemon [_thread_blocked, id=6012, stack(0x0000000059740000,0x0000000059840000)]
  0x0000000058b4a800 JavaThread "C2 CompilerThread1" daemon [_thread_blocked, id=6008, stack(0x0000000059600000,0x0000000059700000)]
  0x0000000058b42800 JavaThread "C2 CompilerThread0" daemon [_thread_blocked, id=6004, stack(0x0000000059430000,0x0000000059530000)]
  0x00000000576c7000 JavaThread "Attach Listener" daemon [_thread_blocked, id=5996, stack(0x00000000591d0000,0x00000000592d0000)]
  0x00000000576c5800 JavaThread "Signal Dispatcher" daemon [_thread_blocked, id=5552, stack(0x0000000059060000,0x0000000059160000)]
=>0x000000005766c000 JavaThread "Finalizer" daemon [_thread_in_native, id=4004, stack(0x0000000058a40000,0x0000000058b40000)]
  0x0000000057665800 JavaThread "Reference Handler" daemon [_thread_blocked, id=2948, stack(0x0000000058870000,0x0000000058970000)]

Other Threads:
  0x0000000057660000 VMThread [stack: 0x0000000058670000,0x0000000058770000] [id=3452]
  0x0000000058bc4800 WatcherThread [stack: 0x00000000592e0000,0x00000000593e0000] [id=6000]

VM state:not at safepoint (normal execution)

VM Mutex/Monitor currently owned by a thread: None

Heap:
 PSYoungGen      total 69120K, used 25621K [0x00000000d5d80000, 0x00000000db380000, 0x0000000100000000)
  eden space 60416K, 42% used [0x00000000d5d80000,0x00000000d7685788,0x00000000d9880000)
  from space 8704K, 0% used [0x00000000d9880000,0x00000000d9880000,0x00000000da100000)
  to   space 8704K, 0% used [0x00000000dab00000,0x00000000dab00000,0x00000000db380000)
 ParOldGen       total 80384K, used 42198K [0x0000000081800000, 0x0000000086680000, 0x00000000d5d80000)
  object space 80384K, 52% used [0x0000000081800000,0x0000000084135920,0x0000000086680000)
 Metaspace       used 19722K, capacity 19982K, committed 20352K, reserved 1067008K
  class space    used 2322K, capacity 2428K, committed 2432K, reserved 1048576K

Card table byte_map: [0x0000000011d40000,0x0000000012140000] byte_map_base: 0x0000000011934000

Marking Bits: (ParMarkBitMap*) 0x000000006ada4040
 Begin Bits: [0x0000000012990000, 0x0000000014930000)
 End Bits:   [0x0000000014930000, 0x00000000168d0000)

Polling page: 0x0000000000250000

CodeCache: size=245760Kb used=9697Kb max_used=9727Kb free=236062Kb
 bounds [0x0000000002980000, 0x0000000003310000, 0x0000000011980000]
 total_blobs=3551 nmethods=2986 adapters=478
 compilation: enabled

Compilation events (10 events):
Event: 686.347 Thread 0x0000000058b4c000 nmethod 3568 0x00000000030995d0 code [0x0000000003099740, 0x0000000003099998]
Event: 686.347 Thread 0x0000000058b42800 nmethod 3566 0x0000000003256250 code [0x00000000032563e0, 0x0000000003256838]
Event: 686.347 Thread 0x0000000058b4c000 3570       3       javax.swing.text.BoxView::getChildAllocation (66 bytes)
Event: 686.348 Thread 0x0000000058b4c000 nmethod 3570 0x0000000003257810 code [0x00000000032579c0, 0x00000000032581c8]
Event: 686.348 Thread 0x0000000058b4c000 3561       1       javax.swing.text.DefaultStyledDocument$ElementSpec::getArray (5 bytes)
Event: 686.348 Thread 0x0000000058b4c000 nmethod 3561 0x0000000002d3ed50 code [0x0000000002d3eea0, 0x0000000002d3efb0]
Event: 686.348 Thread 0x0000000058b4c000 3562       1       javax.swing.text.DefaultStyledDocument$ElementSpec::getOffset (5 bytes)
Event: 686.348 Thread 0x0000000058b4c000 nmethod 3562 0x0000000003099310 code [0x0000000003099460, 0x0000000003099570]
Event: 686.348 Thread 0x0000000058b4c000 3565       1       javax.swing.text.BoxView::getAxis (5 bytes)
Event: 686.348 Thread 0x0000000058b4c000 nmethod 3565 0x0000000003099050 code [0x00000000030991a0, 0x00000000030992b0]

GC Heap History (10 events):
Event: 686.789 GC heap before
{Heap before GC invocations=279 (full 3):
 PSYoungGen      total 57344K, used 56852K [0x00000000d5d80000, 0x00000000da280000, 0x0000000100000000)
  eden space 52224K, 100% used [0x00000000d5d80000,0x00000000d9080000,0x00000000d9080000)
  from space 5120K, 90% used [0x00000000d9200000,0x00000000d9685050,0x00000000d9700000)
  to   space 9216K, 0% used [0x00000000d9980000,0x00000000d9980000,0x00000000da280000)
 ParOldGen       total 79872K, used 74324K [0x0000000081800000, 0x0000000086600000, 0x00000000d5d80000)
  object space 79872K, 93% used [0x0000000081800000,0x0000000086095170,0x0000000086600000)
 Metaspace       used 19722K, capacity 19982K, committed 20352K, reserved 1067008K
  class space    used 2322K, capacity 2428K, committed 2432K, reserved 1048576K
Event: 686.791 GC heap after
Heap after GC invocations=279 (full 3):
 PSYoungGen      total 61440K, used 3728K [0x00000000d5d80000, 0x00000000daa80000, 0x0000000100000000)
  eden space 52224K, 0% used [0x00000000d5d80000,0x00000000d5d80000,0x00000000d9080000)
  from space 9216K, 40% used [0x00000000d9980000,0x00000000d9d24040,0x00000000da280000)
  to   space 9216K, 0% used [0x00000000d9080000,0x00000000d9080000,0x00000000d9980000)
 ParOldGen       total 79872K, used 74340K [0x0000000081800000, 0x0000000086600000, 0x00000000d5d80000)
  object space 79872K, 93% used [0x0000000081800000,0x0000000086099170,0x0000000086600000)
 Metaspace       used 19722K, capacity 19982K, committed 20352K, reserved 1067008K
  class space    used 2322K, capacity 2428K, committed 2432K, reserved 1048576K
}
Event: 686.952 GC heap before
{Heap before GC invocations=280 (full 3):
 PSYoungGen      total 61440K, used 55952K [0x00000000d5d80000, 0x00000000daa80000, 0x0000000100000000)
  eden space 52224K, 100% used [0x00000000d5d80000,0x00000000d9080000,0x00000000d9080000)
  from space 9216K, 40% used [0x00000000d9980000,0x00000000d9d24040,0x00000000da280000)
  to   space 9216K, 0% used [0x00000000d9080000,0x00000000d9080000,0x00000000d9980000)
 ParOldGen       total 79872K, used 74340K [0x0000000081800000, 0x0000000086600000, 0x00000000d5d80000)
  object space 79872K, 93% used [0x0000000081800000,0x0000000086099170,0x0000000086600000)
 Metaspace       used 19722K, capacity 19982K, committed 20352K, reserved 1067008K
  class space    used 2322K, capacity 2428K, committed 2432K, reserved 1048576K
Event: 686.955 GC heap after
Heap after GC invocations=280 (full 3):
 PSYoungGen      total 61440K, used 3728K [0x00000000d5d80000, 0x00000000da980000, 0x0000000100000000)
  eden space 52224K, 0% used [0x00000000d5d80000,0x00000000d5d80000,0x00000000d9080000)
  from space 9216K, 40% used [0x00000000d9080000,0x00000000d9424040,0x00000000d9980000)
  to   space 8704K, 0% used [0x00000000da100000,0x00000000da100000,0x00000000da980000)
 ParOldGen       total 79872K, used 74356K [0x0000000081800000, 0x0000000086600000, 0x00000000d5d80000)
  object space 79872K, 93% used [0x0000000081800000,0x000000008609d170,0x0000000086600000)
 Metaspace       used 19722K, capacity 19982K, committed 20352K, reserved 1067008K
  class space    used 2322K, capacity 2428K, committed 2432K, reserved 1048576K
}
Event: 687.122 GC heap before
{Heap before GC invocations=281 (full 3):
 PSYoungGen      total 61440K, used 55952K [0x00000000d5d80000, 0x00000000da980000, 0x0000000100000000)
  eden space 52224K, 100% used [0x00000000d5d80000,0x00000000d9080000,0x00000000d9080000)
  from space 9216K, 40% used [0x00000000d9080000,0x00000000d9424040,0x00000000d9980000)
  to   space 8704K, 0% used [0x00000000da100000,0x00000000da100000,0x00000000da980000)
 ParOldGen       total 79872K, used 74356K [0x0000000081800000, 0x0000000086600000, 0x00000000d5d80000)
  object space 79872K, 93% used [0x0000000081800000,0x000000008609d170,0x0000000086600000)
 Metaspace       used 19722K, capacity 19982K, committed 20352K, reserved 1067008K
  class space    used 2322K, capacity 2428K, committed 2432K, reserved 1048576K
Event: 687.125 GC heap after
Heap after GC invocations=281 (full 3):
 PSYoungGen      total 69120K, used 3728K [0x00000000d5d80000, 0x00000000daa00000, 0x0000000100000000)
  eden space 60416K, 0% used [0x00000000d5d80000,0x00000000d5d80000,0x00000000d9880000)
  from space 8704K, 42% used [0x00000000da100000,0x00000000da4a4040,0x00000000da980000)
  to   space 8704K, 0% used [0x00000000d9880000,0x00000000d9880000,0x00000000da100000)
 ParOldGen       total 79872K, used 74372K [0x0000000081800000, 0x0000000086600000, 0x00000000d5d80000)
  object space 79872K, 93% used [0x0000000081800000,0x00000000860a1170,0x0000000086600000)
 Metaspace       used 19722K, capacity 19982K, committed 20352K, reserved 1067008K
  class space    used 2322K, capacity 2428K, committed 2432K, reserved 1048576K
}
Event: 687.310 GC heap before
{Heap before GC invocations=282 (full 3):
 PSYoungGen      total 69120K, used 64144K [0x00000000d5d80000, 0x00000000daa00000, 0x0000000100000000)
  eden space 60416K, 100% used [0x00000000d5d80000,0x00000000d9880000,0x00000000d9880000)
  from space 8704K, 42% used [0x00000000da100000,0x00000000da4a4040,0x00000000da980000)
  to   space 8704K, 0% used [0x00000000d9880000,0x00000000d9880000,0x00000000da100000)
 ParOldGen       total 79872K, used 74372K [0x0000000081800000, 0x0000000086600000, 0x00000000d5d80000)
  object space 79872K, 93% used [0x0000000081800000,0x00000000860a1170,0x0000000086600000)
 Metaspace       used 19722K, capacity 19982K, committed 20352K, reserved 1067008K
  class space    used 2322K, capacity 2428K, committed 2432K, reserved 1048576K
Event: 687.313 GC heap after
Heap after GC invocations=282 (full 3):
 PSYoungGen      total 69120K, used 128K [0x00000000d5d80000, 0x00000000db380000, 0x0000000100000000)
  eden space 60416K, 0% used [0x00000000d5d80000,0x00000000d5d80000,0x00000000d9880000)
  from space 8704K, 1% used [0x00000000d9880000,0x00000000d98a0000,0x00000000da100000)
  to   space 8704K, 0% used [0x00000000dab00000,0x00000000dab00000,0x00000000db380000)
 ParOldGen       total 79872K, used 78904K [0x0000000081800000, 0x0000000086600000, 0x00000000d5d80000)
  object space 79872K, 98% used [0x0000000081800000,0x000000008650e1c0,0x0000000086600000)
 Metaspace       used 19722K, capacity 19982K, committed 20352K, reserved 1067008K
  class space    used 2322K, capacity 2428K, committed 2432K, reserved 1048576K
}
Event: 687.313 GC heap before
{Heap before GC invocations=283 (full 4):
 PSYoungGen      total 69120K, used 128K [0x00000000d5d80000, 0x00000000db380000, 0x0000000100000000)
  eden space 60416K, 0% used [0x00000000d5d80000,0x00000000d5d80000,0x00000000d9880000)
  from space 8704K, 1% used [0x00000000d9880000,0x00000000d98a0000,0x00000000da100000)
  to   space 8704K, 0% used [0x00000000dab00000,0x00000000dab00000,0x00000000db380000)
 ParOldGen       total 79872K, used 78904K [0x0000000081800000, 0x0000000086600000, 0x00000000d5d80000)
  object space 79872K, 98% used [0x0000000081800000,0x000000008650e1c0,0x0000000086600000)
 Metaspace       used 19722K, capacity 19982K, committed 20352K, reserved 1067008K
  class space    used 2322K, capacity 2428K, committed 2432K, reserved 1048576K
Event: 687.461 GC heap after
Heap after GC invocations=283 (full 4):
 PSYoungGen      total 69120K, used 0K [0x00000000d5d80000, 0x00000000db380000, 0x0000000100000000)
  eden space 60416K, 0% used [0x00000000d5d80000,0x00000000d5d80000,0x00000000d9880000)
  from space 8704K, 0% used [0x00000000d9880000,0x00000000d9880000,0x00000000da100000)
  to   space 8704K, 0% used [0x00000000dab00000,0x00000000dab00000,0x00000000db380000)
 ParOldGen       total 80384K, used 42198K [0x0000000081800000, 0x0000000086680000, 0x00000000d5d80000)
  object space 80384K, 52% used [0x0000000081800000,0x0000000084135920,0x0000000086680000)
 Metaspace       used 19722K, capacity 19982K, committed 20352K, reserved 1067008K
  class space    used 2322K, capacity 2428K, committed 2432K, reserved 1048576K
}

Deoptimization events (10 events):
Event: 358.737 Thread 0x0000000058e74800 Uncommon trap: reason=unstable_if action=reinterpret pc=0x000000000304a888 method=fr.free.jchecs.core.MailboxBoard.getValidTargets(Lfr/free/jchecs/core/Square;)[Lfr/free/jchecs/core/Square; @ 169
Event: 491.995 Thread 0x0000000058e74800 Uncommon trap: reason=unstable_if action=reinterpret pc=0x00000000032abae8 method=fr.free.jchecs.core.MailboxBoard.derive(Lfr/free/jchecs/core/Move;Z)Lfr/free/jchecs/core/MoveGenerator; @ 954
Event: 510.051 Thread 0x0000000058d54000 Uncommon trap: reason=unstable_if action=reinterpret pc=0x0000000002c9b700 method=tcc.imageprocessing.DetectMotion.posicao(II)Ljava/lang/String; @ 11
Event: 531.543 Thread 0x0000000058d54000 Uncommon trap: reason=unstable_if action=reinterpret pc=0x0000000002f3426c method=java.util.regex.Pattern$CharProperty.match(Ljava/util/regex/Matcher;ILjava/lang/CharSequence;)Z @ 40
Event: 531.543 Thread 0x0000000058d54000 Uncommon trap: reason=unstable_if action=reinterpret pc=0x0000000002f3426c method=java.util.regex.Pattern$CharProperty.match(Ljava/util/regex/Matcher;ILjava/lang/CharSequence;)Z @ 40
Event: 531.543 Thread 0x0000000058d54000 Uncommon trap: reason=unstable_if action=reinterpret pc=0x0000000002bcc374 method=java.util.regex.Pattern$BmpCharProperty.match(Ljava/util/regex/Matcher;ILjava/lang/CharSequence;)Z @ 34
Event: 531.543 Thread 0x0000000058d54000 Uncommon trap: reason=unstable_if action=reinterpret pc=0x0000000002f3426c method=java.util.regex.Pattern$CharProperty.match(Ljava/util/regex/Matcher;ILjava/lang/CharSequence;)Z @ 40
Event: 531.543 Thread 0x0000000058d54000 Uncommon trap: reason=unstable_if action=reinterpret pc=0x0000000002f3426c method=java.util.regex.Pattern$CharProperty.match(Ljava/util/regex/Matcher;ILjava/lang/CharSequence;)Z @ 40
Event: 600.791 Thread 0x0000000058d54000 Uncommon trap: reason=unstable_if action=reinterpret pc=0x0000000003095cc0 method=tcc.imageprocessing.DetectMotion.posicao(II)Ljava/lang/String; @ 1041
Event: 601.305 Thread 0x0000000058e74800 Uncommon trap: reason=unstable_if action=reinterpret pc=0x000000000329b880 method=fr.free.jchecs.core.MailboxBoard.addKingTargets(IZ)V @ 210

Internal exceptions (10 events):
Event: 491.457 Thread 0x0000000058e80000 Exception <a 'java/lang/InterruptedException': sleep interrupted> (0x00000000d67ce7e8) thrown at [D:\re\workspace\8-2-build-windows-amd64-cygwin\jdk8u40\2855\hotspot\src\share\vm\prims\jvm.cpp, line 3211]
Event: 491.459 Thread 0x0000000058e78800 Exception <a 'java/lang/InterruptedException': sleep interrupted> (0x00000000d67cf010) thrown at [D:\re\workspace\8-2-build-windows-amd64-cygwin\jdk8u40\2855\hotspot\src\share\vm\prims\jvm.cpp, line 3211]
Event: 557.221 Thread 0x0000000058e78800 Exception <a 'java/lang/InterruptedException': sleep interrupted> (0x00000000d6e0f0d0) thrown at [D:\re\workspace\8-2-build-windows-amd64-cygwin\jdk8u40\2855\hotspot\src\share\vm\prims\jvm.cpp, line 3211]
Event: 557.223 Thread 0x0000000058e80000 Exception <a 'java/lang/InterruptedException': sleep interrupted> (0x00000000d6e0f8f8) thrown at [D:\re\workspace\8-2-build-windows-amd64-cygwin\jdk8u40\2855\hotspot\src\share\vm\prims\jvm.cpp, line 3211]
Event: 600.988 Thread 0x0000000058e80000 Exception <a 'java/lang/InterruptedException': sleep interrupted> (0x00000000d68b7430) thrown at [D:\re\workspace\8-2-build-windows-amd64-cygwin\jdk8u40\2855\hotspot\src\share\vm\prims\jvm.cpp, line 3211]
Event: 600.989 Thread 0x0000000058e78800 Exception <a 'java/lang/InterruptedException': sleep interrupted> (0x00000000d68b7c58) thrown at [D:\re\workspace\8-2-build-windows-amd64-cygwin\jdk8u40\2855\hotspot\src\share\vm\prims\jvm.cpp, line 3211]
Event: 640.942 Thread 0x0000000058e78800 Exception <a 'java/lang/InterruptedException': sleep interrupted> (0x00000000d7279b68) thrown at [D:\re\workspace\8-2-build-windows-amd64-cygwin\jdk8u40\2855\hotspot\src\share\vm\prims\jvm.cpp, line 3211]
Event: 640.944 Thread 0x0000000058e80000 Exception <a 'java/lang/InterruptedException': sleep interrupted> (0x00000000d727a390) thrown at [D:\re\workspace\8-2-build-windows-amd64-cygwin\jdk8u40\2855\hotspot\src\share\vm\prims\jvm.cpp, line 3211]
Event: 686.146 Thread 0x0000000058e80000 Exception <a 'java/lang/InterruptedException': sleep interrupted> (0x00000000d688d8d0) thrown at [D:\re\workspace\8-2-build-windows-amd64-cygwin\jdk8u40\2855\hotspot\src\share\vm\prims\jvm.cpp, line 3211]
Event: 686.148 Thread 0x0000000058e78800 Exception <a 'java/lang/InterruptedException': sleep interrupted> (0x00000000d68e77f0) thrown at [D:\re\workspace\8-2-build-windows-amd64-cygwin\jdk8u40\2855\hotspot\src\share\vm\prims\jvm.cpp, line 3211]

Events (10 events):
Event: 686.626 Executing VM operation: ParallelGCFailedAllocation
Event: 686.629 Executing VM operation: ParallelGCFailedAllocation done
Event: 686.789 Executing VM operation: ParallelGCFailedAllocation
Event: 686.791 Executing VM operation: ParallelGCFailedAllocation done
Event: 686.952 Executing VM operation: ParallelGCFailedAllocation
Event: 686.955 Executing VM operation: ParallelGCFailedAllocation done
Event: 687.122 Executing VM operation: ParallelGCFailedAllocation
Event: 687.125 Executing VM operation: ParallelGCFailedAllocation done
Event: 687.310 Executing VM operation: ParallelGCFailedAllocation
Event: 687.461 Executing VM operation: ParallelGCFailedAllocation done


Dynamic libraries:
0x000000013f1e0000 - 0x000000013f217000 	C:\Program Files\Java\jdk1.8.0_40\jre\bin\java.exe
0x0000000076f70000 - 0x000000007711a000 	C:\Windows\SYSTEM32\ntdll.dll
0x000007fef54e0000 - 0x000007fef5513000 	C:\Program Files (x86)\AVG\Av\avghooka.dll
0x0000000076d50000 - 0x0000000076e6f000 	C:\Windows\system32\kernel32.dll
0x000007fefbb40000 - 0x000007fefbbaa000 	C:\Windows\system32\KERNELBASE.dll
0x000007fefdf10000 - 0x000007fefdfeb000 	C:\Windows\system32\ADVAPI32.dll
0x000007fefc8b0000 - 0x000007fefc94f000 	C:\Windows\system32\msvcrt.dll
0x000007fefd770000 - 0x000007fefd78f000 	C:\Windows\SYSTEM32\sechost.dll
0x000007fefd9c0000 - 0x000007fefdaed000 	C:\Windows\system32\RPCRT4.dll
0x0000000076e70000 - 0x0000000076f6a000 	C:\Windows\system32\USER32.dll
0x000007fefc810000 - 0x000007fefc877000 	C:\Windows\system32\GDI32.dll
0x000007fefdcf0000 - 0x000007fefdcfe000 	C:\Windows\system32\LPK.dll
0x000007fefc6e0000 - 0x000007fefc7aa000 	C:\Windows\system32\USP10.dll
0x000007fefa4c0000 - 0x000007fefa6b4000 	C:\Windows\WinSxS\amd64_microsoft.windows.common-controls_6595b64144ccf1df_6.0.7601.18837_none_fa3b1e3d17594757\COMCTL32.dll
0x000007fefd6e0000 - 0x000007fefd751000 	C:\Windows\system32\SHLWAPI.dll
0x000007fefc880000 - 0x000007fefc8ae000 	C:\Windows\system32\IMM32.DLL
0x000007fefdb90000 - 0x000007fefdc99000 	C:\Windows\system32\MSCTF.dll
0x0000000072a30000 - 0x0000000072b02000 	C:\Program Files\Java\jdk1.8.0_40\jre\bin\msvcr100.dll
0x000000006a5a0000 - 0x000000006ae23000 	C:\Program Files\Java\jdk1.8.0_40\jre\bin\server\jvm.dll
0x000007fef3e30000 - 0x000007fef3e39000 	C:\Windows\system32\WSOCK32.dll
0x000007fefdca0000 - 0x000007fefdced000 	C:\Windows\system32\WS2_32.dll
0x000007fefd760000 - 0x000007fefd768000 	C:\Windows\system32\NSI.dll
0x000007fef9620000 - 0x000007fef965b000 	C:\Windows\system32\WINMM.dll
0x000007fefab50000 - 0x000007fefab5c000 	C:\Windows\system32\VERSION.dll
0x0000000077140000 - 0x0000000077147000 	C:\Windows\system32\PSAPI.DLL
0x0000000073950000 - 0x000000007395f000 	C:\Program Files\Java\jdk1.8.0_40\jre\bin\verify.dll
0x0000000072510000 - 0x0000000072539000 	C:\Program Files\Java\jdk1.8.0_40\jre\bin\java.dll
0x0000000072a10000 - 0x0000000072a26000 	C:\Program Files\Java\jdk1.8.0_40\jre\bin\zip.dll
0x000007fefc950000 - 0x000007fefd6dc000 	C:\Windows\system32\SHELL32.dll
0x000007fefdd00000 - 0x000007fefdf03000 	C:\Windows\system32\ole32.dll
0x000007fefba70000 - 0x000007fefba7f000 	C:\Windows\system32\profapi.dll
0x00000000729f0000 - 0x0000000072a0a000 	C:\Program Files\Java\jdk1.8.0_40\jre\bin\net.dll
0x000007fefb200000 - 0x000007fefb255000 	C:\Windows\system32\mswsock.dll
0x000007fefb1f0000 - 0x000007fefb1f7000 	C:\Windows\System32\wship6.dll
0x00000000725c0000 - 0x00000000725d1000 	C:\Program Files\Java\jdk1.8.0_40\jre\bin\nio.dll
0x000007fefb860000 - 0x000007fefb8b7000 	C:\Windows\system32\apphelp.dll
0x000007fefac20000 - 0x000007fefac27000 	C:\Windows\System32\wshtcpip.dll
0x000007fefb080000 - 0x000007fefb0db000 	C:\Windows\system32\DNSAPI.dll
0x000007fef8f90000 - 0x000007fef8fb7000 	C:\Windows\system32\IPHLPAPI.DLL
0x000007fef8f80000 - 0x000007fef8f8b000 	C:\Windows\system32\WINNSI.DLL
0x000007fef5dd0000 - 0x000007fef5dd8000 	C:\Windows\system32\rasadhlp.dll
0x000007fef8e00000 - 0x000007fef8e53000 	C:\Windows\System32\fwpuclnt.dll
0x000007fefb260000 - 0x000007fefb278000 	C:\Windows\system32\CRYPTSP.dll
0x000007fefaf60000 - 0x000007fefafa7000 	C:\Windows\system32\rsaenh.dll
0x000007fefbd90000 - 0x000007fefbdae000 	C:\Windows\system32\USERENV.dll
0x000007fefb900000 - 0x000007fefb90f000 	C:\Windows\system32\CRYPTBASE.dll
0x000007fef8eb0000 - 0x000007fef8ec1000 	C:\Windows\system32\dhcpcsvc6.DLL
0x000007fef8e90000 - 0x000007fef8ea8000 	C:\Windows\system32\dhcpcsvc.DLL
0x000007fef3e40000 - 0x000007fef3e69000 	C:\Users\Anderson\AppData\Local\Temp\BridJExtractedLibraries3366634326586623368\bridj.dll
0x000007feeee60000 - 0x000007feeee96000 	C:\Users\Anderson\AppData\Local\Temp\BridJExtractedLibraries3366634326586623368\OpenIMAJGrabber.dll
0x000007fefc2b0000 - 0x000007fefc388000 	C:\Windows\system32\OLEAUT32.dll
0x000007fefa1a0000 - 0x000007fefa1f6000 	C:\Windows\system32\uxtheme.dll
0x000007fefdaf0000 - 0x000007fefdb89000 	C:\Windows\system32\CLBCatQ.DLL
0x000007fef9ce0000 - 0x000007fef9cf6000 	C:\Windows\system32\devenum.dll
0x000007fefc0d0000 - 0x000007fefc2a7000 	C:\Windows\system32\setupapi.dll
0x000007fefbd40000 - 0x000007fefbd76000 	C:\Windows\system32\CFGMGR32.dll
0x000007fefbdc0000 - 0x000007fefbdda000 	C:\Windows\system32\DEVOBJ.dll
0x000007fef9a80000 - 0x000007fef9aad000 	C:\Windows\system32\ntmarta.dll
0x000007fefc7b0000 - 0x000007fefc802000 	C:\Windows\system32\WLDAP32.dll
0x000007fefbde0000 - 0x000007fefbe1b000 	C:\Windows\system32\WINTRUST.dll
0x000007fefbbb0000 - 0x000007fefbd1d000 	C:\Windows\system32\CRYPT32.dll
0x000007fefba60000 - 0x000007fefba6f000 	C:\Windows\system32\MSASN1.dll
0x000007fef4270000 - 0x000007fef427d000 	C:\Windows\system32\msdmo.dll
0x000000006c6b0000 - 0x000000006c848000 	C:\Program Files\Java\jdk1.8.0_40\jre\bin\awt.dll
0x000007fef05e0000 - 0x000007fef060f000 	C:\Windows\system32\qcap.dll
0x000007feed1c0000 - 0x000007feed373000 	C:\Windows\system32\quartz.dll
0x000007fef9c70000 - 0x000007fef9c88000 	C:\Windows\system32\dwmapi.dll
0x000007feeee10000 - 0x000007feeee51000 	C:\Windows\system32\ksproxy.ax
0x00000000749a0000 - 0x00000000749a6000 	C:\Windows\system32\ksuser.dll
0x000007feecfc0000 - 0x000007feed1bf000 	C:\Windows\system32\d3d9.dll
0x000007fef0690000 - 0x000007fef0697000 	C:\Windows\system32\d3d8thk.dll
0x000007fef3db0000 - 0x000007fef3dbb000 	C:\Windows\system32\vidcap.ax
0x000007feefac0000 - 0x000007feefae4000 	C:\Windows\system32\kswdmcap.ax
0x000007feece60000 - 0x000007feecfbc000 	C:\Windows\system32\MFC42.dll
0x000007feede80000 - 0x000007feedf31000 	C:\Windows\system32\ODBC32.dll
0x000000006b890000 - 0x000000006b8c8000 	C:\Windows\system32\odbcint.dll
0x000007feeed70000 - 0x000007feeee0b000 	C:\Windows\System32\qedit.dll
0x000007feef310000 - 0x000007feef339000 	C:\Windows\System32\MSVFW32.dll
0x000007fefd790000 - 0x000007fefd827000 	C:\Windows\system32\COMDLG32.dll
0x000007fef9e50000 - 0x000007fefa066000 	C:\Windows\WinSxS\amd64_microsoft.windows.gdiplus_6595b64144ccf1df_1.1.7601.23407_none_14556c1e8b95d0b8\gdiplus.dll
0x000007fef0a50000 - 0x000007fef0b41000 	C:\Windows\system32\DDRAW.dll
0x000007fef9a70000 - 0x000007fef9a78000 	C:\Windows\system32\DCIMAN32.dll
0x000000006ca40000 - 0x000000006ca4c000 	C:\Program Files\Java\jdk1.8.0_40\jre\bin\jsound.dll
0x000000006ca30000 - 0x000000006ca3b000 	C:\Program Files\Java\jdk1.8.0_40\jre\bin\jsoundds.dll
0x000007fef99c0000 - 0x000007fef9a48000 	C:\Windows\system32\DSOUND.dll
0x000007fefa3e0000 - 0x000007fefa40c000 	C:\Windows\system32\POWRPROF.dll
0x000007fefa390000 - 0x000007fefa3db000 	C:\Windows\system32\MMDevAPI.DLL
0x000007fefa260000 - 0x000007fefa38c000 	C:\Windows\system32\PROPSYS.dll
0x000007fef9530000 - 0x000007fef956b000 	C:\Windows\system32\wdmaud.drv
0x000007fefa220000 - 0x000007fefa229000 	C:\Windows\system32\AVRT.dll
0x000007fef94b0000 - 0x000007fef94ff000 	C:\Windows\system32\AUDIOSES.DLL
0x000007fef9210000 - 0x000007fef921a000 	C:\Windows\system32\msacm32.drv
0x000007fef91f0000 - 0x000007fef9208000 	C:\Windows\system32\MSACM32.dll
0x000007fef9160000 - 0x000007fef9169000 	C:\Windows\system32\midimap.dll
0x00000000724c0000 - 0x0000000072507000 	C:\Program Files\Java\jdk1.8.0_40\jre\bin\fontmanager.dll
0x0000000072470000 - 0x00000000724b1000 	C:\Program Files\Java\jdk1.8.0_40\jre\bin\t2k.dll
0x000007fef9ac0000 - 0x000007fef9c21000 	C:\Windows\system32\WindowsCodecs.dll
0x000007fef36c0000 - 0x000007fef3780000 	C:\Program Files (x86)\Google\Drive\googledrivesync64.dll
0x0000000071cc0000 - 0x0000000071d93000 	C:\Program Files (x86)\Google\Drive\Microsoft.VC90.CRT\MSVCP90.dll
0x0000000071c10000 - 0x0000000071cb3000 	C:\Program Files (x86)\Google\Drive\Microsoft.VC90.CRT\MSVCR90.dll
0x000007fef52a0000 - 0x000007fef52d5000 	C:\Windows\system32\EhStorShell.dll
0x000007fef42c0000 - 0x000007fef433e000 	C:\Windows\System32\cscui.dll
0x000007fef5550000 - 0x000007fef555c000 	C:\Windows\System32\CSCDLL.dll
0x000007fef5540000 - 0x000007fef554f000 	C:\Windows\system32\CSCAPI.dll
0x000007fef3d30000 - 0x000007fef3db0000 	C:\Windows\system32\ntshrui.dll
0x000007fefb760000 - 0x000007fefb783000 	C:\Windows\system32\srvcli.dll
0x000007fef9110000 - 0x000007fef911b000 	C:\Windows\system32\slc.dll
0x000000006b450000 - 0x000000006b481000 	C:\Program Files\Java\jdk1.8.0_40\jre\bin\jpeg.dll
0x0000000072440000 - 0x000000007246a000 	C:\Program Files\Java\jdk1.8.0_40\jre\bin\dcpr.dll
0x000007fef4e60000 - 0x000007fef4f85000 	C:\Windows\system32\dbghelp.dll

VM Arguments:
jvm_args: -Dfile.encoding=UTF-8 
java_command: tcc.Main.Main
java_class_path (initial): C:\Program Files\NetBeans 8.0.2\platform\modules\ext\junit-4.10.jar;C:\Users\Anderson\Documents\NetBeansProjects\tccChess\lib\rbxUsbor.jar;C:\Users\Anderson\Documents\NetBeansProjects\tccChess\lib\bridj-0.6.2.jar;C:\Users\Anderson\Documents\NetBeansProjects\tccChess\lib\slf4j-api-1.7.2.jar;C:\Users\Anderson\Documents\NetBeansProjects\tccChess\lib\webcam-capture-0.3.10.jar;C:\Users\Anderson\Documents\NetBeansProjects\tccChess\build\classes
Launcher Type: SUN_STANDARD

Environment Variables:
PATH=C:\ProgramData\Oracle\Java\javapath;C:\Program Files\IBM\ILOG\CPLEX_Studio1261\opl\bin\x64_win64;C:\Program Files\IBM\ILOG\CPLEX_Studio1261\opl\oplide\;C:\Program Files\IBM\ILOG\CPLEX_Studio1261\cplex\bin\x64_win64;C:\Program Files\IBM\ILOG\CPLEX_Studio1261\cpoptimizer\bin\x64_win64;C:\Windows\system32;C:\Windows;C:\Windows\System32\Wbem;C:\Windows\System32\WindowsPowerShell\v1.0\;C:\Program Files (x86)\MiKTeX 2.9\miktex\bin\;C:\Program Files (x86)\Skype\Phone\
USERNAME=Anderson
OS=Windows_NT
PROCESSOR_IDENTIFIER=Intel64 Family 6 Model 23 Stepping 10, GenuineIntel



---------------  S Y S T E M  ---------------

OS: Windows 7 , 64 bit Build 7601 (6.1.7601.23418)

CPU:total 4 (4 cores per cpu, 1 threads per core) family 6 model 23 stepping 10, cmov, cx8, fxsr, mmx, sse, sse2, sse3, ssse3, sse4.1, tsc

Memory: 4k page, physical 8284524k(5366924k free), swap 16567188k(13398644k free)

vm_info: Java HotSpot(TM) 64-Bit Server VM (25.40-b25) for windows-amd64 JRE (1.8.0_40-b25), built on Feb 10 2015 21:53:57 by "java_re" with MS VC++ 10.0 (VS2010)

time: Fri Jun 17 17:55:17 2016
elapsed time: 687 seconds (0d 0h 11m 27s)

