#
# A fatal error has been detected by the Java Runtime Environment:
#
#  EXCEPTION_ACCESS_VIOLATION (0xc0000005) at pc=0x0000000076fbeef1, pid=3328, tid=4320
#
# JRE version: Java(TM) SE Runtime Environment (8.0_40-b25) (build 1.8.0_40-b25)
# Java VM: Java HotSpot(TM) 64-Bit Server VM (25.40-b25 mixed mode windows-amd64 compressed oops)
# Problematic frame:
# C  [ntdll.dll+0x4eef1]
#
# Failed to write core dump. Minidumps are not enabled by default on client versions of Windows
#
# If you would like to submit a bug report, please visit:
#   http://bugreport.java.com/bugreport/crash.jsp
# The crash happened outside the Java Virtual Machine in native code.
# See problematic frame for where to report the bug.
#

---------------  T H R E A D  ---------------

Current thread (0x0000000057497000):  JavaThread "Finalizer" daemon [_thread_in_native, id=4320, stack(0x0000000058960000,0x0000000058a60000)]

siginfo: ExceptionCode=0xc0000005, reading address 0x00000004a27c1e28

Registers:
RAX=0x0000002200001388, RBX=0x00000004a27c1e20, RCX=0x000000ffffffffff, RDX=0x0000000000000000
RSP=0x0000000058a5ec80, RBP=0x000000005af0a0f0, RSI=0x0000000000000000, RDI=0x0000000000000000
R8 =0x000000005af0a0e0, R9 =0x000000008276fd08, R10=0x00000000028c3848, R11=0x000000006a7c7c30
R12=0x000000005af00000, R13=0x00000000570a6ad8, R14=0x0000000058a5ee40, R15=0x0000000057497000
RIP=0x0000000076fbeef1, EFLAGS=0x0000000000010202

Top of Stack: (sp=0x0000000058a5ec80)
0x0000000058a5ec80:   0000000058a5ec98 0000000058a5ece8
0x0000000058a5ec90:   00000000028b7450 000000005af0a0f0
0x0000000058a5eca0:   0000000000000000 0000000058a5eca8
0x0000000058a5ecb0:   0000000056ba7854 0000000058a5ecf8
0x0000000058a5ecc0:   0000000057497000 0000000058a5ee40
0x0000000058a5ecd0:   0000000000000000 0000000000000000
0x0000000058a5ece0:   0000000000000198 0000000058a5ee18
0x0000000058a5ecf0:   00000000570a6ad8 0000000076d71a0a
0x0000000058a5ed00:   0000000057159228 00000000570a6ad8
0x0000000058a5ed10:   0000000058a5ed90 00000000028b7a01
0x0000000058a5ed20:   0000000058a5eda0 000007fef8b8a06c
0x0000000058a5ed30:   000000005af0a0f0 0000000058a5ee30
0x0000000058a5ed40:   00000000d5e2c048 0000000081a53ef0
0x0000000058a5ed50:   00000000570a6ad8 000007fef8b872e8
0x0000000058a5ed60:   0000000058a5edb0 0000000056cb05e0
0x0000000058a5ed70:   0000000000000000 0000000056ba70a0 

Instructions: (pc=0x0000000076fbeef1)
0x0000000076fbeed1:   ff ff 00 00 00 49 33 dc 48 23 c1 48 c1 eb 04 48
0x0000000076fbeee1:   33 d8 48 33 1d de e4 0d 00 48 c1 e3 04 0f 0d 0b
0x0000000076fbeef1:   48 8b 7b 08 49 bd 01 00 00 00 01 00 00 00 49 be
0x0000000076fbef01:   ff 7f 00 00 ff ff ff ff 41 c6 40 0f 80 41 88 70 


Register to memory mapping:

RAX=0x0000002200001388 is an unknown value
RBX=0x00000004a27c1e20 is an unknown value
RCX=0x000000ffffffffff is an unknown value
RDX=0x0000000000000000 is an unknown value
RSP=0x0000000058a5ec80 is pointing into the stack for thread: 0x0000000057497000
RBP=0x000000005af0a0f0 is an unknown value
RSI=0x0000000000000000 is an unknown value
RDI=0x0000000000000000 is an unknown value
R8 =0x000000005af0a0e0 is an unknown value
R9 =0x000000008276fd08 is an oop
java.lang.Class 
 - klass: 'java/lang/Class'
R10=0x00000000028c3848 is at code_begin+840 in an Interpreter codelet
method entry point (kind = native)  [0x00000000028c3500, 0x00000000028c3e60]  2400 bytes
R11=0x000000006a7c7c30 is an unknown value
R12=0x000000005af00000 is an unknown value
R13={method} {0x00000000570a6ae0} 'free' '(J)V' in 'org/bridj/JNI'
R14=0x0000000058a5ee40 is pointing into the stack for thread: 0x0000000057497000
R15=0x0000000057497000 is a thread


Stack: [0x0000000058960000,0x0000000058a60000],  sp=0x0000000058a5ec80,  free space=1019k
Native frames: (J=compiled Java code, j=interpreted, Vv=VM code, C=native code)
C  [ntdll.dll+0x4eef1]
C  [kernel32.dll+0x21a0a]
C  [bridj.dll+0xa06c]
C  [bridj.dll+0x72e8]
C  0x00000000028c3874

Java frames: (J=compiled Java code, j=interpreted, Vv=VM code)
j  org.bridj.JNI.free(J)V+0
j  org.bridj.Pointer$FreeReleaser.release(Lorg/bridj/Pointer;)V+123
j  org.bridj.Pointer$4.release(Lorg/bridj/Pointer;)V+14
j  org.bridj.Pointer$2.release()V+19
j  org.bridj.Pointer$2.finalize()V+1
J 627 C1 java.lang.ref.Finalizer.runFinalizer(Lsun/misc/JavaLangAccess;)V (62 bytes) @ 0x0000000002b13a6c [0x0000000002b13500+0x56c]
J 626 C1 java.lang.ref.Finalizer.access$100(Ljava/lang/ref/Finalizer;Lsun/misc/JavaLangAccess;)V (6 bytes) @ 0x0000000002b1319c [0x0000000002b13140+0x5c]
j  java.lang.ref.Finalizer$FinalizerThread.run()V+45
v  ~StubRoutines::call_stub

---------------  P R O C E S S  ---------------

Java Threads: ( => current thread )
  0x00000000591d4000 JavaThread "motion-detector-28" daemon [_thread_blocked, id=3592, stack(0x00000000664c0000,0x00000000665c0000)]
  0x00000000591d1000 JavaThread "motion-detector-27" daemon [_thread_in_Java, id=3432, stack(0x000000005bd00000,0x000000005be00000)]
  0x00000000591d8800 JavaThread "frames-refresher-[0]" daemon [_thread_blocked, id=5976, stack(0x0000000060ba0000,0x0000000060ca0000)]
  0x00000000591d6000 JavaThread "webcam-lock-[USB2.0 Camera 0]" daemon [_thread_blocked, id=1788, stack(0x0000000060870000,0x0000000060970000)]
  0x00000000591d3000 JavaThread "TimerQueue" daemon [_thread_blocked, id=6136, stack(0x0000000061410000,0x0000000061510000)]
  0x00000000591d7800 JavaThread "Timer-1" [_thread_blocked, id=3324, stack(0x0000000061530000,0x0000000061630000)]
  0x00000000591d7000 JavaThread "AWT-EventQueue-0" [_thread_blocked, id=5660, stack(0x000000005df90000,0x000000005e090000)]
  0x00000000591d2800 JavaThread "Direct Clip" daemon [_thread_blocked, id=3868, stack(0x000000005f200000,0x000000005f300000)]
  0x00000000591d1800 JavaThread "Java Sound Event Dispatcher" daemon [_thread_blocked, id=5164, stack(0x000000005ed70000,0x000000005ee70000)]
  0x00000000591d0000 JavaThread "AWT-Windows" daemon [_thread_in_native, id=5536, stack(0x000000005de90000,0x000000005df90000)]
  0x00000000591cf800 JavaThread "AWT-Shutdown" [_thread_blocked, id=5808, stack(0x000000005dd30000,0x000000005de30000)]
  0x00000000591ce800 JavaThread "Java2D Disposer" daemon [_thread_blocked, id=4604, stack(0x000000005db10000,0x000000005dc10000)]
  0x00000000591cd800 JavaThread "DestroyJavaVM" [_thread_blocked, id=1188, stack(0x00000000024e0000,0x00000000025e0000)]
  0x00000000591cd000 JavaThread "ctrlChessIA" [_thread_blocked, id=4196, stack(0x000000005d760000,0x000000005d860000)]
  0x00000000591cc000 JavaThread "ctrlRobix" [_thread_blocked, id=4184, stack(0x000000005c210000,0x000000005c310000)]
  0x000000005a6cf000 JavaThread "ctrlImgProc" [_thread_blocked, id=5552, stack(0x000000005d4d0000,0x000000005d5d0000)]
  0x0000000059394800 JavaThread "webcam-discovery-service" daemon [_thread_blocked, id=5904, stack(0x000000005b060000,0x000000005b160000)]
  0x0000000059324800 JavaThread "atomic-processor-1" daemon [_thread_in_native, id=1628, stack(0x000000005a4a0000,0x000000005a5a0000)]
  0x00000000592f7800 JavaThread "Robix  - UsborImage Parser : 774W4JQ6HWV" [_thread_in_native, id=4892, stack(0x000000005a0b0000,0x000000005a1b0000)]
  0x000000005924a000 JavaThread "Robix  - UsborImage Crier : 774W4JQ6HWV" [_thread_blocked, id=5912, stack(0x0000000059d80000,0x0000000059e80000)]
  0x000000005924d000 JavaThread "Robix  - NexusImage Parser : localhost" [_thread_in_native, id=4916, stack(0x0000000059f10000,0x000000005a010000)]
  0x00000000590ba000 JavaThread "Robix  - NexusImage Crier : localhost" [_thread_blocked, id=1604, stack(0x0000000059bd0000,0x0000000059cd0000)]
  0x0000000059212800 JavaThread "Robix - Nexway Pinger : robix1" [_thread_blocked, id=3520, stack(0x0000000059810000,0x0000000059910000)]
  0x000000005905f800 JavaThread "Service Thread" daemon [_thread_blocked, id=5908, stack(0x0000000058820000,0x0000000058920000)]
  0x0000000058fe0800 JavaThread "C1 CompilerThread2" daemon [_thread_blocked, id=4820, stack(0x00000000594d0000,0x00000000595d0000)]
  0x00000000574fe000 JavaThread "C2 CompilerThread1" daemon [_thread_blocked, id=6132, stack(0x0000000058ee0000,0x0000000058fe0000)]
  0x00000000574f6000 JavaThread "C2 CompilerThread0" daemon [_thread_blocked, id=4340, stack(0x0000000058d30000,0x0000000058e30000)]
  0x00000000574f2800 JavaThread "Attach Listener" daemon [_thread_blocked, id=5012, stack(0x0000000058c10000,0x0000000058d10000)]
  0x00000000574f0800 JavaThread "Signal Dispatcher" daemon [_thread_blocked, id=4588, stack(0x0000000058a90000,0x0000000058b90000)]
=>0x0000000057497000 JavaThread "Finalizer" daemon [_thread_in_native, id=4320, stack(0x0000000058960000,0x0000000058a60000)]
  0x0000000057490000 JavaThread "Reference Handler" daemon [_thread_blocked, id=5984, stack(0x00000000586b0000,0x00000000587b0000)]

Other Threads:
  0x000000005748a800 VMThread [stack: 0x0000000058590000,0x0000000058690000] [id=5392]
  0x0000000059060800 WatcherThread [stack: 0x0000000059690000,0x0000000059790000] [id=5864]

VM state:not at safepoint (normal execution)

VM Mutex/Monitor currently owned by a thread: None

Heap:
 PSYoungGen      total 39424K, used 7636K [0x00000000d5d80000, 0x00000000d9400000, 0x0000000100000000)
  eden space 35328K, 21% used [0x00000000d5d80000,0x00000000d64f5178,0x00000000d8000000)
  from space 4096K, 0% used [0x00000000d8080000,0x00000000d8080000,0x00000000d8480000)
  to   space 10240K, 0% used [0x00000000d8a00000,0x00000000d8a00000,0x00000000d9400000)
 ParOldGen       total 78336K, used 44893K [0x0000000081800000, 0x0000000086480000, 0x00000000d5d80000)
  object space 78336K, 57% used [0x0000000081800000,0x00000000843d7600,0x0000000086480000)
 Metaspace       used 19678K, capacity 19982K, committed 20352K, reserved 1067008K
  class space    used 2322K, capacity 2428K, committed 2432K, reserved 1048576K

Card table byte_map: [0x0000000011c70000,0x0000000012070000] byte_map_base: 0x0000000011864000

Marking Bits: (ParMarkBitMap*) 0x000000006ada4040
 Begin Bits: [0x00000000127c0000, 0x0000000014760000)
 End Bits:   [0x0000000014760000, 0x0000000016700000)

Polling page: 0x0000000000250000

CodeCache: size=245760Kb used=9900Kb max_used=9913Kb free=235859Kb
 bounds [0x00000000028b0000, 0x0000000003270000, 0x00000000118b0000]
 total_blobs=3525 nmethods=2960 adapters=478
 compilation: enabled

Compilation events (10 events):
Event: 627.616 Thread 0x0000000058fe0800 3501       3       com.github.sarxos.webcam.util.jh.JHBlurFilter::filter (171 bytes)
Event: 627.617 Thread 0x0000000058fe0800 nmethod 3501 0x0000000003267a50 code [0x0000000003267ca0, 0x0000000003268b78]
Event: 627.919 Thread 0x00000000574f6000 3502       4       java.awt.Container::doLayout (5 bytes)
Event: 627.920 Thread 0x00000000574f6000 nmethod 3502 0x0000000002e1ead0 code [0x0000000002e1ec00, 0x0000000002e1ec78]
Event: 634.262 Thread 0x0000000058fe0800 3503       3       java.util.LinkedList::addAll (182 bytes)
Event: 634.263 Thread 0x0000000058fe0800 nmethod 3503 0x0000000003266990 code [0x0000000003266b80, 0x00000000032674b8]
Event: 648.919 Thread 0x0000000058fe0800 3504       1       java.util.TaskQueue::getMin (7 bytes)
Event: 648.919 Thread 0x0000000058fe0800 nmethod 3504 0x0000000003266650 code [0x00000000032667a0, 0x00000000032668d0]
Event: 657.919 Thread 0x00000000574f6000 3505       4       sun.util.locale.provider.LocaleProviderAdapter::getAdapter (171 bytes)
Event: 657.933 Thread 0x00000000574f6000 nmethod 3505 0x000000000326c9d0 code [0x000000000326cbe0, 0x000000000326d5a0]

GC Heap History (10 events):
Event: 653.278 GC heap before
{Heap before GC invocations=197 (full 3):
 PSYoungGen      total 43520K, used 36404K [0x00000000d5d80000, 0x00000000d9780000, 0x0000000100000000)
  eden space 31744K, 100% used [0x00000000d5d80000,0x00000000d7c80000,0x00000000d7c80000)
  from space 11776K, 39% used [0x00000000d7c80000,0x00000000d810d050,0x00000000d8800000)
  to   space 11264K, 0% used [0x00000000d8c80000,0x00000000d8c80000,0x00000000d9780000)
 ParOldGen       total 80384K, used 76109K [0x0000000081800000, 0x0000000086680000, 0x00000000d5d80000)
  object space 80384K, 94% used [0x0000000081800000,0x00000000862534c8,0x0000000086680000)
 Metaspace       used 19678K, capacity 19982K, committed 20352K, reserved 1067008K
  class space    used 2322K, capacity 2428K, committed 2432K, reserved 1048576K
Event: 653.281 GC heap after
Heap after GC invocations=197 (full 3):
 PSYoungGen      total 48128K, used 6460K [0x00000000d5d80000, 0x00000000d9780000, 0x0000000100000000)
  eden space 36864K, 0% used [0x00000000d5d80000,0x00000000d5d80000,0x00000000d8180000)
  from space 11264K, 57% used [0x00000000d8c80000,0x00000000d92cf070,0x00000000d9780000)
  to   space 11264K, 0% used [0x00000000d8180000,0x00000000d8180000,0x00000000d8c80000)
 ParOldGen       total 80384K, used 76117K [0x0000000081800000, 0x0000000086680000, 0x00000000d5d80000)
  object space 80384K, 94% used [0x0000000081800000,0x00000000862554c8,0x0000000086680000)
 Metaspace       used 19678K, capacity 19982K, committed 20352K, reserved 1067008K
  class space    used 2322K, capacity 2428K, committed 2432K, reserved 1048576K
}
Event: 655.416 GC heap before
{Heap before GC invocations=198 (full 3):
 PSYoungGen      total 48128K, used 43324K [0x00000000d5d80000, 0x00000000d9780000, 0x0000000100000000)
  eden space 36864K, 100% used [0x00000000d5d80000,0x00000000d8180000,0x00000000d8180000)
  from space 11264K, 57% used [0x00000000d8c80000,0x00000000d92cf070,0x00000000d9780000)
  to   space 11264K, 0% used [0x00000000d8180000,0x00000000d8180000,0x00000000d8c80000)
 ParOldGen       total 80384K, used 76117K [0x0000000081800000, 0x0000000086680000, 0x00000000d5d80000)
  object space 80384K, 94% used [0x0000000081800000,0x00000000862554c8,0x0000000086680000)
 Metaspace       used 19678K, capacity 19982K, committed 20352K, reserved 1067008K
  class space    used 2322K, capacity 2428K, committed 2432K, reserved 1048576K
Event: 655.420 GC heap after
Heap after GC invocations=198 (full 3):
 PSYoungGen      total 41984K, used 5560K [0x00000000d5d80000, 0x00000000d9600000, 0x0000000100000000)
  eden space 36352K, 0% used [0x00000000d5d80000,0x00000000d5d80000,0x00000000d8100000)
  from space 5632K, 98% used [0x00000000d8180000,0x00000000d86ee060,0x00000000d8700000)
  to   space 10752K, 0% used [0x00000000d8b80000,0x00000000d8b80000,0x00000000d9600000)
 ParOldGen       total 80384K, used 76125K [0x0000000081800000, 0x0000000086680000, 0x00000000d5d80000)
  object space 80384K, 94% used [0x0000000081800000,0x00000000862574c8,0x0000000086680000)
 Metaspace       used 19678K, capacity 19982K, committed 20352K, reserved 1067008K
  class space    used 2322K, capacity 2428K, committed 2432K, reserved 1048576K
}
Event: 657.542 GC heap before
{Heap before GC invocations=199 (full 3):
 PSYoungGen      total 41984K, used 41912K [0x00000000d5d80000, 0x00000000d9600000, 0x0000000100000000)
  eden space 36352K, 100% used [0x00000000d5d80000,0x00000000d8100000,0x00000000d8100000)
  from space 5632K, 98% used [0x00000000d8180000,0x00000000d86ee060,0x00000000d8700000)
  to   space 10752K, 0% used [0x00000000d8b80000,0x00000000d8b80000,0x00000000d9600000)
 ParOldGen       total 80384K, used 76125K [0x0000000081800000, 0x0000000086680000, 0x00000000d5d80000)
  object space 80384K, 94% used [0x0000000081800000,0x00000000862574c8,0x0000000086680000)
 Metaspace       used 19678K, capacity 19982K, committed 20352K, reserved 1067008K
  class space    used 2322K, capacity 2428K, committed 2432K, reserved 1048576K
Event: 657.545 GC heap after
Heap after GC invocations=199 (full 3):
 PSYoungGen      total 46080K, used 3760K [0x00000000d5d80000, 0x00000000d9580000, 0x0000000100000000)
  eden space 35840K, 0% used [0x00000000d5d80000,0x00000000d5d80000,0x00000000d8080000)
  from space 10240K, 36% used [0x00000000d8b80000,0x00000000d8f2c040,0x00000000d9580000)
  to   space 10752K, 0% used [0x00000000d8080000,0x00000000d8080000,0x00000000d8b00000)
 ParOldGen       total 80384K, used 77949K [0x0000000081800000, 0x0000000086680000, 0x00000000d5d80000)
  object space 80384K, 96% used [0x0000000081800000,0x000000008641f4e8,0x0000000086680000)
 Metaspace       used 19678K, capacity 19982K, committed 20352K, reserved 1067008K
  class space    used 2322K, capacity 2428K, committed 2432K, reserved 1048576K
}
Event: 659.657 GC heap before
{Heap before GC invocations=200 (full 3):
 PSYoungGen      total 46080K, used 39600K [0x00000000d5d80000, 0x00000000d9580000, 0x0000000100000000)
  eden space 35840K, 100% used [0x00000000d5d80000,0x00000000d8080000,0x00000000d8080000)
  from space 10240K, 36% used [0x00000000d8b80000,0x00000000d8f2c040,0x00000000d9580000)
  to   space 10752K, 0% used [0x00000000d8080000,0x00000000d8080000,0x00000000d8b00000)
 ParOldGen       total 80384K, used 77949K [0x0000000081800000, 0x0000000086680000, 0x00000000d5d80000)
  object space 80384K, 96% used [0x0000000081800000,0x000000008641f4e8,0x0000000086680000)
 Metaspace       used 19678K, capacity 19982K, committed 20352K, reserved 1067008K
  class space    used 2322K, capacity 2428K, committed 2432K, reserved 1048576K
Event: 659.660 GC heap after
Heap after GC invocations=200 (full 3):
 PSYoungGen      total 39424K, used 3728K [0x00000000d5d80000, 0x00000000d9400000, 0x0000000100000000)
  eden space 35328K, 0% used [0x00000000d5d80000,0x00000000d5d80000,0x00000000d8000000)
  from space 4096K, 91% used [0x00000000d8080000,0x00000000d8424040,0x00000000d8480000)
  to   space 10240K, 0% used [0x00000000d8a00000,0x00000000d8a00000,0x00000000d9400000)
 ParOldGen       total 80384K, used 79757K [0x0000000081800000, 0x0000000086680000, 0x00000000d5d80000)
  object space 80384K, 99% used [0x0000000081800000,0x00000000865e3508,0x0000000086680000)
 Metaspace       used 19678K, capacity 19982K, committed 20352K, reserved 1067008K
  class space    used 2322K, capacity 2428K, committed 2432K, reserved 1048576K
}
Event: 659.660 GC heap before
{Heap before GC invocations=201 (full 4):
 PSYoungGen      total 39424K, used 3728K [0x00000000d5d80000, 0x00000000d9400000, 0x0000000100000000)
  eden space 35328K, 0% used [0x00000000d5d80000,0x00000000d5d80000,0x00000000d8000000)
  from space 4096K, 91% used [0x00000000d8080000,0x00000000d8424040,0x00000000d8480000)
  to   space 10240K, 0% used [0x00000000d8a00000,0x00000000d8a00000,0x00000000d9400000)
 ParOldGen       total 80384K, used 79757K [0x0000000081800000, 0x0000000086680000, 0x00000000d5d80000)
  object space 80384K, 99% used [0x0000000081800000,0x00000000865e3508,0x0000000086680000)
 Metaspace       used 19678K, capacity 19982K, committed 20352K, reserved 1067008K
  class space    used 2322K, capacity 2428K, committed 2432K, reserved 1048576K
Event: 659.808 GC heap after
Heap after GC invocations=201 (full 4):
 PSYoungGen      total 39424K, used 0K [0x00000000d5d80000, 0x00000000d9400000, 0x0000000100000000)
  eden space 35328K, 0% used [0x00000000d5d80000,0x00000000d5d80000,0x00000000d8000000)
  from space 4096K, 0% used [0x00000000d8080000,0x00000000d8080000,0x00000000d8480000)
  to   space 10240K, 0% used [0x00000000d8a00000,0x00000000d8a00000,0x00000000d9400000)
 ParOldGen       total 78336K, used 44893K [0x0000000081800000, 0x0000000086480000, 0x00000000d5d80000)
  object space 78336K, 57% used [0x0000000081800000,0x00000000843d7600,0x0000000086480000)
 Metaspace       used 19678K, capacity 19982K, committed 20352K, reserved 1067008K
  class space    used 2322K, capacity 2428K, committed 2432K, reserved 1048576K
}

Deoptimization events (10 events):
Event: 355.182 Thread 0x00000000591cd000 Uncommon trap: reason=unstable_if action=reinterpret pc=0x0000000002fec0bc method=java.util.TimSort.mergeHi(IIII)V @ 131
Event: 355.322 Thread 0x00000000591cd000 Uncommon trap: reason=unstable_if action=reinterpret pc=0x0000000002ea3dc4 method=fr.free.jchecs.ai.TranspositionTable.get(Lfr/free/jchecs/core/Board;III)Ljava/lang/Integer; @ 148
Event: 356.366 Thread 0x00000000591cd000 Uncommon trap: reason=array_check action=maybe_recompile pc=0x00000000030df0f4 method=java.util.TimSort.mergeHi(IIII)V @ 171
Event: 356.413 Thread 0x00000000591cd000 Uncommon trap: reason=array_check action=maybe_recompile pc=0x00000000030df0f4 method=java.util.TimSort.mergeHi(IIII)V @ 171
Event: 448.825 Thread 0x0000000059324800 Uncommon trap: reason=unstable_if action=reinterpret pc=0x00000000030f679c method=java.util.concurrent.SynchronousQueue$TransferQueue$QNode.casNext(Ljava/util/concurrent/SynchronousQueue$TransferQueue$QNode;Ljava/util/concurrent/SynchronousQueue$TransferQu†J“)OG~@
Event: 484.457 Thread 0x00000000591cd000 Uncommon trap: reason=unstable_if action=reinterpret pc=0x00000000030ec64c method=fr.free.jchecs.core.MailboxBoard.derive(Lfr/free/jchecs/core/Move;Z)Lfr/free/jchecs/core/MoveGenerator; @ 316
Event: 484.457 Thread 0x00000000591cd000 Uncommon trap: reason=unstable_if action=reinterpret pc=0x00000000030ef1fc method=fr.free.jchecs.core.MailboxBoard.getValidTargets(Lfr/free/jchecs/core/Square;)[Lfr/free/jchecs/core/Square; @ 169
Event: 485.374 Thread 0x00000000591cd000 Uncommon trap: reason=unstable_if action=reinterpret pc=0x000000000303de50 method=fr.free.jchecs.core.MailboxBoard.addPawnTargets(IZ)V @ 224
Event: 524.957 Thread 0x000000005a6cf000 Uncommon trap: reason=unstable_if action=reinterpret pc=0x000000000308a844 method=tcc.imageprocessing.DetectMotion.posicao(II)Ljava/lang/String; @ 301
Event: 620.243 Thread 0x00000000591cc000 Uncommon trap: reason=unstable_if action=reinterpret pc=0x00000000031537ac method=sun.nio.cs.UTF_8$Encoder.encodeBufferLoop(Ljava/nio/CharBuffer;Ljava/nio/ByteBuffer;)Ljava/nio/charset/CoderResult; @ 30

Internal exceptions (10 events):
Event: 439.122 Thread 0x00000000591d4000 Exception <a 'java/lang/InterruptedException': sleep interrupted> (0x00000000d6f03a18) thrown at [D:\re\workspace\8-2-build-windows-amd64-cygwin\jdk8u40\2855\hotspot\src\share\vm\prims\jvm.cpp, line 3211]
Event: 439.124 Thread 0x00000000591d8800 Exception <a 'java/lang/InterruptedException': sleep interrupted> (0x00000000d6f04240) thrown at [D:\re\workspace\8-2-build-windows-amd64-cygwin\jdk8u40\2855\hotspot\src\share\vm\prims\jvm.cpp, line 3211]
Event: 484.326 Thread 0x00000000591d8800 Exception <a 'java/lang/InterruptedException': sleep interrupted> (0x00000000d5e3fdc0) thrown at [D:\re\workspace\8-2-build-windows-amd64-cygwin\jdk8u40\2855\hotspot\src\share\vm\prims\jvm.cpp, line 3211]
Event: 484.327 Thread 0x00000000591d4000 Exception <a 'java/lang/InterruptedException': sleep interrupted> (0x00000000d5e405e8) thrown at [D:\re\workspace\8-2-build-windows-amd64-cygwin\jdk8u40\2855\hotspot\src\share\vm\prims\jvm.cpp, line 3211]
Event: 525.155 Thread 0x00000000591d4000 Exception <a 'java/lang/InterruptedException': sleep interrupted> (0x00000000d6ba6770) thrown at [D:\re\workspace\8-2-build-windows-amd64-cygwin\jdk8u40\2855\hotspot\src\share\vm\prims\jvm.cpp, line 3211]
Event: 525.156 Thread 0x00000000591d8800 Exception <a 'java/lang/InterruptedException': sleep interrupted> (0x00000000d6ba6f98) thrown at [D:\re\workspace\8-2-build-windows-amd64-cygwin\jdk8u40\2855\hotspot\src\share\vm\prims\jvm.cpp, line 3211]
Event: 569.905 Thread 0x00000000591d8800 Exception <a 'java/lang/InterruptedException': sleep interrupted> (0x00000000d8659068) thrown at [D:\re\workspace\8-2-build-windows-amd64-cygwin\jdk8u40\2855\hotspot\src\share\vm\prims\jvm.cpp, line 3211]
Event: 569.907 Thread 0x00000000591d4000 Exception <a 'java/lang/InterruptedException': sleep interrupted> (0x00000000d8659b28) thrown at [D:\re\workspace\8-2-build-windows-amd64-cygwin\jdk8u40\2855\hotspot\src\share\vm\prims\jvm.cpp, line 3211]
Event: 614.234 Thread 0x00000000591d1000 Exception <a 'java/lang/InterruptedException': sleep interrupted> (0x00000000d762a920) thrown at [D:\re\workspace\8-2-build-windows-amd64-cygwin\jdk8u40\2855\hotspot\src\share\vm\prims\jvm.cpp, line 3211]
Event: 614.236 Thread 0x00000000591d8800 Exception <a 'java/lang/InterruptedException': sleep interrupted> (0x00000000d762b148) thrown at [D:\re\workspace\8-2-build-windows-amd64-cygwin\jdk8u40\2855\hotspot\src\share\vm\prims\jvm.cpp, line 3211]

Events (10 events):
Event: 651.168 Executing VM operation: ParallelGCFailedAllocation
Event: 651.171 Executing VM operation: ParallelGCFailedAllocation done
Event: 653.277 Executing VM operation: ParallelGCFailedAllocation
Event: 653.281 Executing VM operation: ParallelGCFailedAllocation done
Event: 655.416 Executing VM operation: ParallelGCFailedAllocation
Event: 655.420 Executing VM operation: ParallelGCFailedAllocation done
Event: 657.542 Executing VM operation: ParallelGCFailedAllocation
Event: 657.546 Executing VM operation: ParallelGCFailedAllocation done
Event: 659.657 Executing VM operation: ParallelGCFailedAllocation
Event: 659.808 Executing VM operation: ParallelGCFailedAllocation done


Dynamic libraries:
0x000000013fc40000 - 0x000000013fc77000 	C:\Program Files\Java\jdk1.8.0_40\jre\bin\java.exe
0x0000000076f70000 - 0x000000007711a000 	C:\Windows\SYSTEM32\ntdll.dll
0x000007fef54e0000 - 0x000007fef5513000 	C:\Program Files (x86)\AVG\Av\avghooka.dll
0x0000000076d50000 - 0x0000000076e6f000 	C:\Windows\system32\kernel32.dll
0x000007fefbb40000 - 0x000007fefbbaa000 	C:\Windows\system32\KERNELBASE.dll
0x000007fefdf10000 - 0x000007fefdfeb000 	C:\Windows\system32\ADVAPI32.dll
0x000007fefc8b0000 - 0x000007fefc94f000 	C:\Windows\system32\msvcrt.dll
0x000007fefd770000 - 0x000007fefd78f000 	C:\Windows\SYSTEM32\sechost.dll
0x000007fefd9c0000 - 0x000007fefdaed000 	C:\Windows\system32\RPCRT4.dll
0x0000000076e70000 - 0x0000000076f6a000 	C:\Windows\system32\USER32.dll
0x000007fefc810000 - 0x000007fefc877000 	C:\Windows\system32\GDI32.dll
0x000007fefdcf0000 - 0x000007fefdcfe000 	C:\Windows\system32\LPK.dll
0x000007fefc6e0000 - 0x000007fefc7aa000 	C:\Windows\system32\USP10.dll
0x000007fefa4c0000 - 0x000007fefa6b4000 	C:\Windows\WinSxS\amd64_microsoft.windows.common-controls_6595b64144ccf1df_6.0.7601.18837_none_fa3b1e3d17594757\COMCTL32.dll
0x000007fefd6e0000 - 0x000007fefd751000 	C:\Windows\system32\SHLWAPI.dll
0x000007fefc880000 - 0x000007fefc8ae000 	C:\Windows\system32\IMM32.DLL
0x000007fefdb90000 - 0x000007fefdc99000 	C:\Windows\system32\MSCTF.dll
0x0000000072a30000 - 0x0000000072b02000 	C:\Program Files\Java\jdk1.8.0_40\jre\bin\msvcr100.dll
0x000000006a5a0000 - 0x000000006ae23000 	C:\Program Files\Java\jdk1.8.0_40\jre\bin\server\jvm.dll
0x000007fef3e30000 - 0x000007fef3e39000 	C:\Windows\system32\WSOCK32.dll
0x000007fefdca0000 - 0x000007fefdced000 	C:\Windows\system32\WS2_32.dll
0x000007fefd760000 - 0x000007fefd768000 	C:\Windows\system32\NSI.dll
0x000007fef9620000 - 0x000007fef965b000 	C:\Windows\system32\WINMM.dll
0x000007fefab50000 - 0x000007fefab5c000 	C:\Windows\system32\VERSION.dll
0x0000000077140000 - 0x0000000077147000 	C:\Windows\system32\PSAPI.DLL
0x0000000073950000 - 0x000000007395f000 	C:\Program Files\Java\jdk1.8.0_40\jre\bin\verify.dll
0x0000000072510000 - 0x0000000072539000 	C:\Program Files\Java\jdk1.8.0_40\jre\bin\java.dll
0x0000000072a10000 - 0x0000000072a26000 	C:\Program Files\Java\jdk1.8.0_40\jre\bin\zip.dll
0x000007fefc950000 - 0x000007fefd6dc000 	C:\Windows\system32\SHELL32.dll
0x000007fefdd00000 - 0x000007fefdf03000 	C:\Windows\system32\ole32.dll
0x000007fefba70000 - 0x000007fefba7f000 	C:\Windows\system32\profapi.dll
0x00000000729f0000 - 0x0000000072a0a000 	C:\Program Files\Java\jdk1.8.0_40\jre\bin\net.dll
0x000007fefb200000 - 0x000007fefb255000 	C:\Windows\system32\mswsock.dll
0x000007fefb1f0000 - 0x000007fefb1f7000 	C:\Windows\System32\wship6.dll
0x00000000725c0000 - 0x00000000725d1000 	C:\Program Files\Java\jdk1.8.0_40\jre\bin\nio.dll
0x000007fefb860000 - 0x000007fefb8b7000 	C:\Windows\system32\apphelp.dll
0x000007fefac20000 - 0x000007fefac27000 	C:\Windows\System32\wshtcpip.dll
0x000007fefb080000 - 0x000007fefb0db000 	C:\Windows\system32\DNSAPI.dll
0x000007fef8f90000 - 0x000007fef8fb7000 	C:\Windows\system32\IPHLPAPI.DLL
0x000007fef8f80000 - 0x000007fef8f8b000 	C:\Windows\system32\WINNSI.DLL
0x000007fef5dd0000 - 0x000007fef5dd8000 	C:\Windows\system32\rasadhlp.dll
0x000007fef8e00000 - 0x000007fef8e53000 	C:\Windows\System32\fwpuclnt.dll
0x000007fefb260000 - 0x000007fefb278000 	C:\Windows\system32\CRYPTSP.dll
0x000007fefaf60000 - 0x000007fefafa7000 	C:\Windows\system32\rsaenh.dll
0x000007fefbd90000 - 0x000007fefbdae000 	C:\Windows\system32\USERENV.dll
0x000007fefb900000 - 0x000007fefb90f000 	C:\Windows\system32\CRYPTBASE.dll
0x000007fef8eb0000 - 0x000007fef8ec1000 	C:\Windows\system32\dhcpcsvc6.DLL
0x000007fef8e90000 - 0x000007fef8ea8000 	C:\Windows\system32\dhcpcsvc.DLL
0x000007fef8b80000 - 0x000007fef8ba9000 	C:\Users\Anderson\AppData\Local\Temp\BridJExtractedLibraries4724089532331515405\bridj.dll
0x000007fef46c0000 - 0x000007fef46f6000 	C:\Users\Anderson\AppData\Local\Temp\BridJExtractedLibraries4724089532331515405\OpenIMAJGrabber.dll
0x000007fefc2b0000 - 0x000007fefc388000 	C:\Windows\system32\OLEAUT32.dll
0x000007fefa1a0000 - 0x000007fefa1f6000 	C:\Windows\system32\uxtheme.dll
0x000007fefdaf0000 - 0x000007fefdb89000 	C:\Windows\system32\CLBCatQ.DLL
0x000007fef9040000 - 0x000007fef9056000 	C:\Windows\system32\devenum.dll
0x000007fefc0d0000 - 0x000007fefc2a7000 	C:\Windows\system32\setupapi.dll
0x000007fefbd40000 - 0x000007fefbd76000 	C:\Windows\system32\CFGMGR32.dll
0x000007fefbdc0000 - 0x000007fefbdda000 	C:\Windows\system32\DEVOBJ.dll
0x000007fef9a80000 - 0x000007fef9aad000 	C:\Windows\system32\ntmarta.dll
0x000007fefc7b0000 - 0x000007fefc802000 	C:\Windows\system32\WLDAP32.dll
0x000007fefbde0000 - 0x000007fefbe1b000 	C:\Windows\system32\WINTRUST.dll
0x000007fefbbb0000 - 0x000007fefbd1d000 	C:\Windows\system32\CRYPT32.dll
0x000007fefba60000 - 0x000007fefba6f000 	C:\Windows\system32\MSASN1.dll
0x000007fefa250000 - 0x000007fefa25d000 	C:\Windows\system32\msdmo.dll
0x000000006c6b0000 - 0x000000006c848000 	C:\Program Files\Java\jdk1.8.0_40\jre\bin\awt.dll
0x000007fef4690000 - 0x000007fef46bf000 	C:\Windows\system32\qcap.dll
0x000007feee580000 - 0x000007feee733000 	C:\Windows\system32\quartz.dll
0x000007fef9c70000 - 0x000007fef9c88000 	C:\Windows\system32\dwmapi.dll
0x000007fef3ac0000 - 0x000007fef3b01000 	C:\Windows\system32\ksproxy.ax
0x00000000749a0000 - 0x00000000749a6000 	C:\Windows\system32\ksuser.dll
0x000007feee8b0000 - 0x000007feeeaaf000 	C:\Windows\system32\d3d9.dll
0x000007fef9010000 - 0x000007fef9017000 	C:\Windows\system32\d3d8thk.dll
0x000007fef9000000 - 0x000007fef900b000 	C:\Windows\system32\vidcap.ax
0x000007fef4660000 - 0x000007fef4684000 	C:\Windows\system32\kswdmcap.ax
0x000007feee420000 - 0x000007feee57c000 	C:\Windows\system32\MFC42.dll
0x000007fef3a00000 - 0x000007fef3ab1000 	C:\Windows\system32\ODBC32.dll
0x000000006a010000 - 0x000000006a048000 	C:\Windows\system32\odbcint.dll
0x000007feef9b0000 - 0x000007feefa4b000 	C:\Windows\System32\qedit.dll
0x000007fef3e60000 - 0x000007fef3e89000 	C:\Windows\System32\MSVFW32.dll
0x000007fefd790000 - 0x000007fefd827000 	C:\Windows\system32\COMDLG32.dll
0x000007fef9e50000 - 0x000007fefa066000 	C:\Windows\WinSxS\amd64_microsoft.windows.gdiplus_6595b64144ccf1df_1.1.7601.23407_none_14556c1e8b95d0b8\gdiplus.dll
0x000007fef0a50000 - 0x000007fef0b41000 	C:\Windows\system32\DDRAW.dll
0x000007fef9a70000 - 0x000007fef9a78000 	C:\Windows\system32\DCIMAN32.dll
0x000000006c9e0000 - 0x000000006c9ec000 	C:\Program Files\Java\jdk1.8.0_40\jre\bin\jsound.dll
0x0000000071e10000 - 0x0000000071e1b000 	C:\Program Files\Java\jdk1.8.0_40\jre\bin\jsoundds.dll
0x000007fef99c0000 - 0x000007fef9a48000 	C:\Windows\system32\DSOUND.dll
0x000007fefa3e0000 - 0x000007fefa40c000 	C:\Windows\system32\POWRPROF.dll
0x000007fefa390000 - 0x000007fefa3db000 	C:\Windows\system32\MMDevAPI.DLL
0x000007fefa260000 - 0x000007fefa38c000 	C:\Windows\system32\PROPSYS.dll
0x000007fef9530000 - 0x000007fef956b000 	C:\Windows\system32\wdmaud.drv
0x000007fefa220000 - 0x000007fefa229000 	C:\Windows\system32\AVRT.dll
0x000007fef94b0000 - 0x000007fef94ff000 	C:\Windows\system32\AUDIOSES.DLL
0x000007fef9210000 - 0x000007fef921a000 	C:\Windows\system32\msacm32.drv
0x000007fef91f0000 - 0x000007fef9208000 	C:\Windows\system32\MSACM32.dll
0x000007fef9160000 - 0x000007fef9169000 	C:\Windows\system32\midimap.dll
0x00000000724c0000 - 0x0000000072507000 	C:\Program Files\Java\jdk1.8.0_40\jre\bin\fontmanager.dll
0x0000000072470000 - 0x00000000724b1000 	C:\Program Files\Java\jdk1.8.0_40\jre\bin\t2k.dll
0x000007fef9ac0000 - 0x000007fef9c21000 	C:\Windows\system32\WindowsCodecs.dll
0x000007fef36c0000 - 0x000007fef3780000 	C:\Program Files (x86)\Google\Drive\googledrivesync64.dll
0x0000000071cc0000 - 0x0000000071d93000 	C:\Program Files (x86)\Google\Drive\Microsoft.VC90.CRT\MSVCP90.dll
0x0000000071c10000 - 0x0000000071cb3000 	C:\Program Files (x86)\Google\Drive\Microsoft.VC90.CRT\MSVCR90.dll
0x000007fef52a0000 - 0x000007fef52d5000 	C:\Windows\system32\EhStorShell.dll
0x000007fef42c0000 - 0x000007fef433e000 	C:\Windows\System32\cscui.dll
0x000007fef5550000 - 0x000007fef555c000 	C:\Windows\System32\CSCDLL.dll
0x000007fef5540000 - 0x000007fef554f000 	C:\Windows\system32\CSCAPI.dll
0x000007fef3d30000 - 0x000007fef3db0000 	C:\Windows\system32\ntshrui.dll
0x000007fefb760000 - 0x000007fefb783000 	C:\Windows\system32\srvcli.dll
0x000007fef9110000 - 0x000007fef911b000 	C:\Windows\system32\slc.dll
0x000000006c300000 - 0x000000006c331000 	C:\Program Files\Java\jdk1.8.0_40\jre\bin\jpeg.dll
0x0000000072440000 - 0x000000007246a000 	C:\Program Files\Java\jdk1.8.0_40\jre\bin\dcpr.dll
0x000007fef9030000 - 0x000007fef903b000 	C:\Windows\system32\msyuv.dll
0x000007fef4e60000 - 0x000007fef4f85000 	C:\Windows\system32\dbghelp.dll

VM Arguments:
jvm_args: -Dfile.encoding=UTF-8 
java_command: tcc.Main.Main
java_class_path (initial): C:\Program Files\NetBeans 8.0.2\platform\modules\ext\junit-4.10.jar;C:\Users\Anderson\Documents\NetBeansProjects\tccChess\lib\rbxUsbor.jar;C:\Users\Anderson\Documents\NetBeansProjects\tccChess\lib\bridj-0.6.2.jar;C:\Users\Anderson\Documents\NetBeansProjects\tccChess\lib\slf4j-api-1.7.2.jar;C:\Users\Anderson\Documents\NetBeansProjects\tccChess\lib\webcam-capture-0.3.10.jar;C:\Users\Anderson\Documents\NetBeansProjects\tccChess\build\classes
Launcher Type: SUN_STANDARD

Environment Variables:
PATH=C:\ProgramData\Oracle\Java\javapath;C:\Program Files\IBM\ILOG\CPLEX_Studio1261\opl\bin\x64_win64;C:\Program Files\IBM\ILOG\CPLEX_Studio1261\opl\oplide\;C:\Program Files\IBM\ILOG\CPLEX_Studio1261\cplex\bin\x64_win64;C:\Program Files\IBM\ILOG\CPLEX_Studio1261\cpoptimizer\bin\x64_win64;C:\Windows\system32;C:\Windows;C:\Windows\System32\Wbem;C:\Windows\System32\WindowsPowerShell\v1.0\;C:\Program Files (x86)\MiKTeX 2.9\miktex\bin\;C:\Program Files (x86)\Skype\Phone\
USERNAME=Anderson
OS=Windows_NT
PROCESSOR_IDENTIFIER=Intel64 Family 6 Model 23 Stepping 10, GenuineIntel



---------------  S Y S T E M  ---------------

OS: Windows 7 , 64 bit Build 7601 (6.1.7601.23418)

CPU:total 4 (4 cores per cpu, 1 threads per core) family 6 model 23 stepping 10, cmov, cx8, fxsr, mmx, sse, sse2, sse3, ssse3, sse4.1, tsc

Memory: 4k page, physical 8284524k(4856360k free), swap 16567188k(12926780k free)

vm_info: Java HotSpot(TM) 64-Bit Server VM (25.40-b25) for windows-amd64 JRE (1.8.0_40-b25), built on Feb 10 2015 21:53:57 by "java_re" with MS VC++ 10.0 (VS2010)

time: Fri Jun 17 18:47:02 2016
elapsed time: 659 seconds (0d 0h 10m 59s)

